#
# There is insufficient memory for the Java Runtime Environment to continue.
# Native memory allocation (malloc) failed to allocate 434240 bytes for Chunk::new
# Possible reasons:
#   The system is out of physical RAM or swap space
#   The process is running with CompressedOops enabled, and the Java Heap may be blocking the growth of the native heap
# Possible solutions:
#   Reduce memory load on the system
#   Increase physical memory or swap space
#   Check if swap backing store is full
#   Decrease Java heap size (-Xmx/-Xms)
#   Decrease number of Java threads
#   Decrease Java thread stack sizes (-Xss)
#   Set larger code cache with -XX:ReservedCodeCacheSize=
#   JVM is running with Zero Based Compressed Oops mode in which the Java heap is
#     placed in the first 32GB address space. The Java Heap base address is the
#     maximum limit for the native heap growth. Please use -XX:HeapBaseMinAddress
#     to set the Java Heap base and to place the Java Heap above 32GB virtual address.
# This output file may be truncated or incomplete.
#
#  Out of Memory Error (allocation.cpp:389), pid=1892, tid=0x0000000000001884
#
# JRE version: OpenJDK Runtime Environment (8.0_202-b03) (build 1.8.0_202-release-1483-b03)
# Java VM: OpenJDK 64-Bit Server VM (25.202-b03 mixed mode windows-amd64 compressed oops)
# Failed to write core dump. Minidumps are not enabled by default on client versions of Windows
#

---------------  T H R E A D  ---------------

Current thread (0x000000001c10b800):  JavaThread "C2 CompilerThread1" daemon [_thread_in_native, id=6276, stack(0x000000001d870000,0x000000001d970000)]

Stack: [0x000000001d870000,0x000000001d970000]
[error occurred during error reporting (printing stack bounds), id 0xc0000005]

Native frames: (J=compiled Java code, j=interpreted, Vv=VM code, C=native code)


Current CompileTask:
C2:  25105 5341       4       org.jetbrains.kotlin.cli.jvm.index.JvmDependenciesIndexImpl::search (384 bytes)


---------------  P R O C E S S  ---------------

Java Threads: ( => current thread )
  0x000000001dd4d800 JavaThread "RMI RenewClean-[127.0.0.1:54722,org.jetbrains.kotlin.daemon.common.LoopbackNetworkInterface$ClientLoopbackSocketFactory@b116690]" daemon [_thread_blocked, id=9112, stack(0x000000001f590000,0x000000001f690000)]
  0x000000001da9f800 JavaThread "RMI TCP Connection(2)-127.0.0.1" daemon [_thread_in_vm, id=5436, stack(0x000000001f490000,0x000000001f590000)]
  0x000000001da9c800 JavaThread "RMI Scheduler(0)" daemon [_thread_blocked, id=8556, stack(0x000000001f390000,0x000000001f490000)]
  0x000000001e22c800 JavaThread "RMI TCP Connection(1)-127.0.0.1" daemon [_thread_in_native, id=3928, stack(0x000000001edb0000,0x000000001eeb0000)]
  0x00000000026ce800 JavaThread "DestroyJavaVM" [_thread_blocked, id=9148, stack(0x00000000027d0000,0x00000000028d0000)]
  0x000000001e2ec800 JavaThread "GC Daemon" daemon [_thread_blocked, id=6900, stack(0x000000001efb0000,0x000000001f0b0000)]
  0x000000001e2f1800 JavaThread "RMI Reaper" [_thread_blocked, id=944, stack(0x000000001eeb0000,0x000000001efb0000)]
  0x000000001e202800 JavaThread "Timer-0" daemon [_thread_blocked, id=3236, stack(0x000000001ecb0000,0x000000001edb0000)]
  0x000000001e1ff800 JavaThread "RMI TCP Accept-17045" daemon [_thread_in_native, id=7400, stack(0x000000001ebb0000,0x000000001ecb0000)]
  0x000000001dad4000 JavaThread "Service Thread" daemon [_thread_blocked, id=724, stack(0x000000001de70000,0x000000001df70000)]
  0x000000001c155000 JavaThread "C1 CompilerThread2" daemon [_thread_blocked, id=5280, stack(0x000000001d970000,0x000000001da70000)]
=>0x000000001c10b800 JavaThread "C2 CompilerThread1" daemon [_thread_in_native, id=6276, stack(0x000000001d870000,0x000000001d970000)]
  0x000000001c107000 JavaThread "C2 CompilerThread0" daemon [_thread_blocked, id=8524, stack(0x000000001d770000,0x000000001d870000)]
  0x000000001c153000 JavaThread "Attach Listener" daemon [_thread_blocked, id=1784, stack(0x000000001d670000,0x000000001d770000)]
  0x000000001c152800 JavaThread "Signal Dispatcher" daemon [_thread_blocked, id=8812, stack(0x000000001d570000,0x000000001d670000)]
  0x00000000029cb000 JavaThread "Finalizer" daemon [_thread_blocked, id=3240, stack(0x000000001d360000,0x000000001d460000)]
  0x00000000029c2000 JavaThread "Reference Handler" daemon [_thread_blocked, id=8552, stack(0x000000001d260000,0x000000001d360000)]

Other Threads:
  0x000000001c0c5000 VMThread [stack: 0x000000001d160000,0x000000001d260000] [id=7160]
  0x000000001c15e000 WatcherThread [stack: 0x000000001df70000,0x000000001e070000] [id=2284]

VM state:not at safepoint (normal execution)

VM Mutex/Monitor currently owned by a thread: None

heap address: 0x00000006c0000000, size: 4096 MB, Compressed Oops mode: Zero based, Oop shift amount: 3
Narrow klass base: 0x0000000000000000, Narrow klass shift: 3
Compressed class space size: 1073741824 Address: 0x00000007c0000000

Heap:
 PSYoungGen      total 99328K, used 3406K [0x000000076ab00000, 0x0000000772380000, 0x00000007c0000000)
  eden space 85504K, 3% used [0x000000076ab00000,0x000000076ae53a28,0x000000076fe80000)
  from space 13824K, 0% used [0x000000076fe80000,0x000000076fe80000,0x0000000770c00000)
  to   space 18432K, 0% used [0x0000000771180000,0x0000000771180000,0x0000000772380000)
 ParOldGen       total 54272K, used 32595K [0x00000006c0000000, 0x00000006c3500000, 0x000000076ab00000)
  object space 54272K, 60% used [0x00000006c0000000,0x00000006c1fd4e70,0x00000006c3500000)
 Metaspace       used 46519K, capacity 47228K, committed 47784K, reserved 1093632K
  class space    used 5805K, capacity 5991K, committed 6064K, reserved 1048576K

Card table byte_map: [0x0000000011da0000,0x00000000125b0000] byte_map_base: 0x000000000e7a0000

Marking Bits: (ParMarkBitMap*) 0x00000000752c9f30
 Begin Bits: [0x0000000012f10000, 0x0000000016f10000)
 End Bits:   [0x0000000016f10000, 0x000000001af10000)

Polling page: 0x00000000026a0000

CodeCache: size=245760Kb used=16253Kb max_used=16650Kb free=229506Kb
 bounds [0x00000000029e0000, 0x0000000003a40000, 0x00000000119e0000]
 total_blobs=5448 nmethods=4949 adapters=413
 compilation: enabled

Compilation events (10 events):
Event: 25.040 Thread 0x000000001c155000 nmethod 5508 0x0000000003218590 code [0x0000000003218720, 0x0000000003218b38]
Event: 25.040 Thread 0x000000001c155000 5509       3       org.jetbrains.kotlin.com.intellij.util.containers.ConcurrentIntKeyRefValueHashMap::put (42 bytes)
Event: 25.041 Thread 0x000000001c155000 nmethod 5509 0x00000000031f26d0 code [0x00000000031f28a0, 0x00000000031f2ec8]
Event: 25.041 Thread 0x000000001c155000 5510       3       org.jetbrains.kotlin.com.intellij.util.containers.ConcurrentIntKeyRefValueHashMap::processQueue (38 bytes)
Event: 25.041 Thread 0x000000001c155000 nmethod 5510 0x0000000002f52210 code [0x0000000002f523c0, 0x0000000002f52af8]
Event: 25.066 Thread 0x000000001c107000 nmethod 5503 0x000000000318d010 code [0x000000000318d320, 0x000000000318e670]
Event: 25.067 Thread 0x000000001c107000 5506       4       java.util.zip.ZipFile$ZipFileInflaterInputStream::finalize (5 bytes)
Event: 25.067 Thread 0x000000001c107000 nmethod 5506 0x0000000002fd3390 code [0x0000000002fd34e0, 0x0000000002fd3568]
Event: 25.085 Thread 0x000000001c155000 5511       3       java.lang.invoke.LambdaForm::signatureArity (28 bytes)
Event: 25.085 Thread 0x000000001c155000 nmethod 5511 0x0000000002f51cd0 code [0x0000000002f51e40, 0x0000000002f52128]

GC Heap History (10 events):
Event: 23.211 GC heap before
{Heap before GC invocations=14 (full 3):
 PSYoungGen      total 75264K, used 74805K [0x000000076ab00000, 0x0000000771980000, 0x00000007c0000000)
  eden space 65536K, 100% used [0x000000076ab00000,0x000000076eb00000,0x000000076eb00000)
  from space 9728K, 95% used [0x0000000771000000,0x000000077190d5b0,0x0000000771980000)
  to   space 13824K, 0% used [0x000000076fe80000,0x000000076fe80000,0x0000000770c00000)
 ParOldGen       total 54272K, used 22373K [0x00000006c0000000, 0x00000006c3500000, 0x000000076ab00000)
  object space 54272K, 41% used [0x00000006c0000000,0x00000006c15d9488,0x00000006c3500000)
 Metaspace       used 43490K, capacity 44096K, committed 44584K, reserved 1087488K
  class space    used 5391K, capacity 5569K, committed 5680K, reserved 1048576K
Event: 23.244 GC heap after
Heap after GC invocations=14 (full 3):
 PSYoungGen      total 99328K, used 13803K [0x000000076ab00000, 0x0000000772380000, 0x00000007c0000000)
  eden space 85504K, 0% used [0x000000076ab00000,0x000000076ab00000,0x000000076fe80000)
  from space 13824K, 99% used [0x000000076fe80000,0x0000000770bfae80,0x0000000770c00000)
  to   space 18432K, 0% used [0x0000000771180000,0x0000000771180000,0x0000000772380000)
 ParOldGen       total 54272K, used 29526K [0x00000006c0000000, 0x00000006c3500000, 0x000000076ab00000)
  object space 54272K, 54% used [0x00000006c0000000,0x00000006c1cd5898,0x00000006c3500000)
 Metaspace       used 43490K, capacity 44096K, committed 44584K, reserved 1087488K
  class space    used 5391K, capacity 5569K, committed 5680K, reserved 1048576K
}
Event: 24.404 GC heap before
{Heap before GC invocations=15 (full 3):
 PSYoungGen      total 99328K, used 45413K [0x000000076ab00000, 0x0000000772380000, 0x00000007c0000000)
  eden space 85504K, 36% used [0x000000076ab00000,0x000000076c9de8e0,0x000000076fe80000)
  from space 13824K, 99% used [0x000000076fe80000,0x0000000770bfae80,0x0000000770c00000)
  to   space 18432K, 0% used [0x0000000771180000,0x0000000771180000,0x0000000772380000)
 ParOldGen       total 54272K, used 29526K [0x00000006c0000000, 0x00000006c3500000, 0x000000076ab00000)
  object space 54272K, 54% used [0x00000006c0000000,0x00000006c1cd5898,0x00000006c3500000)
 Metaspace       used 46103K, capacity 46810K, committed 47272K, reserved 1095680K
  class space    used 5736K, capacity 5946K, committed 6064K, reserved 1048576K
Event: 24.465 GC heap after
Heap after GC invocations=15 (full 3):
 PSYoungGen      total 103936K, used 5857K [0x000000076ab00000, 0x0000000772380000, 0x00000007c0000000)
  eden space 85504K, 0% used [0x000000076ab00000,0x000000076ab00000,0x000000076fe80000)
  from space 18432K, 31% used [0x0000000771180000,0x0000000771738418,0x0000000772380000)
  to   space 13824K, 0% used [0x000000076fe80000,0x000000076fe80000,0x0000000770c00000)
 ParOldGen       total 54272K, used 43336K [0x00000006c0000000, 0x00000006c3500000, 0x000000076ab00000)
  object space 54272K, 79% used [0x00000006c0000000,0x00000006c2a522e8,0x00000006c3500000)
 Metaspace       used 46103K, capacity 46810K, committed 47272K, reserved 1095680K
  class space    used 5736K, capacity 5946K, committed 6064K, reserved 1048576K
}
Event: 24.465 GC heap before
{Heap before GC invocations=16 (full 4):
 PSYoungGen      total 103936K, used 5857K [0x000000076ab00000, 0x0000000772380000, 0x00000007c0000000)
  eden space 85504K, 0% used [0x000000076ab00000,0x000000076ab00000,0x000000076fe80000)
  from space 18432K, 31% used [0x0000000771180000,0x0000000771738418,0x0000000772380000)
  to   space 13824K, 0% used [0x000000076fe80000,0x000000076fe80000,0x0000000770c00000)
 ParOldGen       total 54272K, used 43336K [0x00000006c0000000, 0x00000006c3500000, 0x000000076ab00000)
  object space 54272K, 79% used [0x00000006c0000000,0x00000006c2a522e8,0x00000006c3500000)
 Metaspace       used 46103K, capacity 46810K, committed 47272K, reserved 1095680K
  class space    used 5736K, capacity 5946K, committed 6064K, reserved 1048576K
Event: 24.745 GC heap after
Heap after GC invocations=16 (full 4):
 PSYoungGen      total 103936K, used 0K [0x000000076ab00000, 0x0000000772380000, 0x00000007c0000000)
  eden space 85504K, 0% used [0x000000076ab00000,0x000000076ab00000,0x000000076fe80000)
  from space 18432K, 0% used [0x0000000771180000,0x0000000771180000,0x0000000772380000)
  to   space 13824K, 0% used [0x000000076fe80000,0x000000076fe80000,0x0000000770c00000)
 ParOldGen       total 54272K, used 36952K [0x00000006c0000000, 0x00000006c3500000, 0x000000076ab00000)
  object space 54272K, 68% used [0x00000006c0000000,0x00000006c2416198,0x00000006c3500000)
 Metaspace       used 46103K, capacity 46810K, committed 47272K, reserved 1093632K
  class space    used 5736K, capacity 5946K, committed 6064K, reserved 1048576K
}
Event: 24.745 GC heap before
{Heap before GC invocations=17 (full 4):
 PSYoungGen      total 103936K, used 0K [0x000000076ab00000, 0x0000000772380000, 0x00000007c0000000)
  eden space 85504K, 0% used [0x000000076ab00000,0x000000076ab00000,0x000000076fe80000)
  from space 18432K, 0% used [0x0000000771180000,0x0000000771180000,0x0000000772380000)
  to   space 13824K, 0% used [0x000000076fe80000,0x000000076fe80000,0x0000000770c00000)
 ParOldGen       total 54272K, used 36952K [0x00000006c0000000, 0x00000006c3500000, 0x000000076ab00000)
  object space 54272K, 68% used [0x00000006c0000000,0x00000006c2416198,0x00000006c3500000)
 Metaspace       used 46103K, capacity 46810K, committed 47272K, reserved 1097728K
  class space    used 5736K, capacity 5946K, committed 6064K, reserved 1048576K
Event: 24.747 GC heap after
Heap after GC invocations=17 (full 4):
 PSYoungGen      total 99328K, used 0K [0x000000076ab00000, 0x0000000772380000, 0x00000007c0000000)
  eden space 85504K, 0% used [0x000000076ab00000,0x000000076ab00000,0x000000076fe80000)
  from space 13824K, 0% used [0x000000076fe80000,0x000000076fe80000,0x0000000770c00000)
  to   space 18432K, 0% used [0x0000000771180000,0x0000000771180000,0x0000000772380000)
 ParOldGen       total 54272K, used 36952K [0x00000006c0000000, 0x00000006c3500000, 0x000000076ab00000)
  object space 54272K, 68% used [0x00000006c0000000,0x00000006c2416198,0x00000006c3500000)
 Metaspace       used 46103K, capacity 46810K, committed 47272K, reserved 1097728K
  class space    used 5736K, capacity 5946K, committed 6064K, reserved 1048576K
}
Event: 24.747 GC heap before
{Heap before GC invocations=18 (full 5):
 PSYoungGen      total 99328K, used 0K [0x000000076ab00000, 0x0000000772380000, 0x00000007c0000000)
  eden space 85504K, 0% used [0x000000076ab00000,0x000000076ab00000,0x000000076fe80000)
  from space 13824K, 0% used [0x000000076fe80000,0x000000076fe80000,0x0000000770c00000)
  to   space 18432K, 0% used [0x0000000771180000,0x0000000771180000,0x0000000772380000)
 ParOldGen       total 54272K, used 36952K [0x00000006c0000000, 0x00000006c3500000, 0x000000076ab00000)
  object space 54272K, 68% used [0x00000006c0000000,0x00000006c2416198,0x00000006c3500000)
 Metaspace       used 46103K, capacity 46810K, committed 47272K, reserved 1097728K
  class space    used 5736K, capacity 5946K, committed 6064K, reserved 1048576K
Event: 25.018 GC heap after
Heap after GC invocations=18 (full 5):
 PSYoungGen      total 99328K, used 0K [0x000000076ab00000, 0x0000000772380000, 0x00000007c0000000)
  eden space 85504K, 0% used [0x000000076ab00000,0x000000076ab00000,0x000000076fe80000)
  from space 13824K, 0% used [0x000000076fe80000,0x000000076fe80000,0x0000000770c00000)
  to   space 18432K, 0% used [0x0000000771180000,0x0000000771180000,0x0000000772380000)
 ParOldGen       total 54272K, used 32595K [0x00000006c0000000, 0x00000006c3500000, 0x000000076ab00000)
  object space 54272K, 60% used [0x00000006c0000000,0x00000006c1fd4e70,0x00000006c3500000)
 Metaspace       used 46037K, capacity 46704K, committed 47272K, reserved 1093632K
  class space    used 5723K, capacity 5923K, committed 6064K, reserved 1048576K
}

Deoptimization events (10 events):
Event: 23.899 Thread 0x000000001da9f800 Uncommon trap: reason=class_check action=maybe_recompile pc=0x00000000036d91bc method=org.jetbrains.kotlin.com.intellij.psi.impl.source.CharTableImpl.intern(Ljava/lang/CharSequence;II)Ljava/lang/CharSequence; @ 13
Event: 23.899 Thread 0x000000001da9f800 Uncommon trap: reason=class_check action=maybe_recompile pc=0x0000000003702324 method=org.jetbrains.kotlin.com.intellij.psi.impl.source.CharTableImpl.intern(Ljava/lang/CharSequence;II)Ljava/lang/CharSequence; @ 13
Event: 23.899 Thread 0x000000001da9f800 Uncommon trap: reason=class_check action=maybe_recompile pc=0x0000000002b75e0c method=org.jetbrains.kotlin.com.intellij.psi.impl.source.tree.TreeElement.rawRemoveUpToWithoutNotifications(Lorg/jetbrains/kotlin/com/intellij/psi/impl/source/tree/TreeElement;
Event: 23.924 Thread 0x000000001da9f800 Uncommon trap: reason=bimorphic action=maybe_recompile pc=0x0000000003736f5c method=org.jetbrains.org.objectweb.asm.ClassReader.readMethod(Lorg/jetbrains/org/objectweb/asm/ClassVisitor;Lorg/jetbrains/org/objectweb/asm/Context;I)I @ 515
Event: 23.926 Thread 0x000000001da9f800 Uncommon trap: reason=bimorphic action=maybe_recompile pc=0x0000000003736f5c method=org.jetbrains.org.objectweb.asm.ClassReader.readMethod(Lorg/jetbrains/org/objectweb/asm/ClassVisitor;Lorg/jetbrains/org/objectweb/asm/Context;I)I @ 515
Event: 24.036 Thread 0x000000001da9f800 Uncommon trap: reason=class_check action=maybe_recompile pc=0x00000000039a3950 method=org.jetbrains.org.objectweb.asm.ClassReader.readAnnotationValue(I[CLjava/lang/String;Lorg/jetbrains/org/objectweb/asm/AnnotationVisitor;)I @ 542
Event: 24.038 Thread 0x000000001da9f800 Uncommon trap: reason=unstable_if action=reinterpret pc=0x00000000039a4144 method=org.jetbrains.org.objectweb.asm.ClassReader.readAnnotationValue(I[CLjava/lang/String;Lorg/jetbrains/org/objectweb/asm/AnnotationVisitor;)I @ 564
Event: 24.352 Thread 0x000000001da9f800 Uncommon trap: reason=class_check action=maybe_recompile pc=0x00000000039c3190 method=org.jetbrains.kotlin.serialization.deserialization.descriptors.DeserializedMemberScope.getContributedClassifier(Lorg/jetbrains/kotlin/name/Name;Lorg/jetbrains/kotlin/inc
Event: 24.365 Thread 0x000000001da9f800 Uncommon trap: reason=class_check action=maybe_recompile pc=0x00000000039c3190 method=org.jetbrains.kotlin.serialization.deserialization.descriptors.DeserializedMemberScope.getContributedClassifier(Lorg/jetbrains/kotlin/name/Name;Lorg/jetbrains/kotlin/inc
Event: 25.021 Thread 0x000000001da9f800 Uncommon trap: reason=unstable_if action=reinterpret pc=0x0000000002fe8910 method=java.lang.ref.SoftReference.get()Ljava/lang/Object; @ 6

Classes redefined (0 events):
No events

Internal exceptions (10 events):
Event: 18.843 Thread 0x000000001da9f800 Exception <a 'java/lang/NoSuchMethodError': java.lang.Object.lambda$static$0(I)[Lorg/jetbrains/kotlin/com/intellij/psi/PsiElement;> (0x000000076ae8c670) thrown at [D:\src\AOSP-openjdk-cygwin\jdk8u\hotspot\src\share\vm\interpreter\linkResolver.cpp, line 62
Event: 20.163 Thread 0x000000001da9f800 Exception <a 'java/lang/NoSuchMethodError': java.lang.Object.lambda$static$0(I)[Lorg/jetbrains/kotlin/com/intellij/psi/PsiClass;> (0x000000076d641b68) thrown at [D:\src\AOSP-openjdk-cygwin\jdk8u\hotspot\src\share\vm\interpreter\linkResolver.cpp, line 620]
Event: 20.222 Thread 0x000000001da9f800 Exception <a 'java/lang/NoSuchMethodError': java.lang.Object.lambda$static$0(I)[Lorg/jetbrains/kotlin/com/intellij/psi/PsiTypeElement;> (0x000000076d7fca30) thrown at [D:\src\AOSP-openjdk-cygwin\jdk8u\hotspot\src\share\vm\interpreter\linkResolver.cpp, lin
Event: 20.256 Thread 0x000000001da9f800 Exception <a 'java/lang/NoSuchMethodError': java.lang.Object.lambda$static$0(I)[Lorg/jetbrains/kotlin/com/intellij/psi/PsiTypeParameter;> (0x000000076d9b9470) thrown at [D:\src\AOSP-openjdk-cygwin\jdk8u\hotspot\src\share\vm\interpreter\linkResolver.cpp, l
Event: 21.643 Thread 0x000000001da9f800 Exception <a 'java/lang/NoSuchMethodError': java.lang.Object.lambda$static$0(I)[Lorg/jetbrains/kotlin/psi/KtTypeElement;> (0x000000076c42e600) thrown at [D:\src\AOSP-openjdk-cygwin\jdk8u\hotspot\src\share\vm\interpreter\linkResolver.cpp, line 620]
Event: 21.967 Thread 0x000000001da9f800 Exception <a 'java/lang/NoSuchMethodError': java.lang.Object.lambda$static$0(I)[Lorg/jetbrains/kotlin/psi/KtDeclaration;> (0x000000076cb037f8) thrown at [D:\src\AOSP-openjdk-cygwin\jdk8u\hotspot\src\share\vm\interpreter\linkResolver.cpp, line 620]
Event: 23.142 Thread 0x000000001da9f800 Implicit null exception at 0x00000000038b7554 to 0x00000000038b789d
Event: 23.142 Thread 0x000000001da9f800 Implicit null exception at 0x00000000036cc9af to 0x00000000036cc9ed
Event: 24.093 Thread 0x000000001da9f800 Exception <a 'java/lang/IncompatibleClassChangeError': Found class java.lang.Object, but interface was expected> (0x000000076c514d00) thrown at [D:\src\AOSP-openjdk-cygwin\jdk8u\hotspot\src\share\vm\interpreter\linkResolver.cpp, line 653]
Event: 25.021 Thread 0x000000001da9f800 Implicit null exception at 0x0000000002fe1ceb to 0x0000000002fe88f5

Events (10 events):
Event: 25.083 loading class org/jetbrains/kotlin/com/intellij/psi/impl/java/stubs/impl/PsiClassReferenceListStubImpl
Event: 25.083 loading class org/jetbrains/kotlin/com/intellij/psi/impl/java/stubs/impl/PsiClassReferenceListStubImpl done
Event: 25.084 loading class org/jetbrains/kotlin/com/intellij/psi/impl/compiled/StubBuildingVisitor
Event: 25.084 loading class org/jetbrains/kotlin/com/intellij/psi/impl/compiled/StubBuildingVisitor done
Event: 25.084 loading class org/jetbrains/kotlin/com/intellij/util/Consumer
Event: 25.084 loading class org/jetbrains/kotlin/com/intellij/util/Consumer done
Event: 25.085 loading class org/jetbrains/kotlin/com/intellij/psi/impl/java/stubs/impl/PsiAnnotationStubImpl
Event: 25.085 loading class org/jetbrains/kotlin/com/intellij/psi/impl/java/stubs/impl/PsiAnnotationStubImpl done
Event: 25.086 loading class org/jetbrains/kotlin/com/intellij/codeInsight/AnnotationUtil
Event: 25.086 loading class org/jetbrains/kotlin/com/intellij/codeInsight/AnnotationUtil done


Dynamic libraries:
0x00007ff693810000 - 0x00007ff693841000 	C:\Program Files\Android\Android Studio\jre\jre\bin\java.exe
0x00007ffa82940000 - 0x00007ffa82b02000 	C:\Windows\SYSTEM32\ntdll.dll
0x00007ffa82360000 - 0x00007ffa8240d000 	C:\Windows\system32\KERNEL32.DLL
0x00007ffa7f4c0000 - 0x00007ffa7f69d000 	C:\Windows\system32\KERNELBASE.dll
0x00007ffa80330000 - 0x00007ffa803d6000 	C:\Windows\system32\ADVAPI32.dll
0x00007ffa826c0000 - 0x00007ffa8275d000 	C:\Windows\system32\msvcrt.dll
0x00007ffa80570000 - 0x00007ffa805cb000 	C:\Windows\system32\sechost.dll
0x00007ffa801a0000 - 0x00007ffa802c6000 	C:\Windows\system32\RPCRT4.dll
0x00007ffa80a70000 - 0x00007ffa80bbe000 	C:\Windows\system32\USER32.dll
0x00007ffa803e0000 - 0x00007ffa80565000 	C:\Windows\system32\GDI32.dll
0x00007ffa78380000 - 0x00007ffa785f4000 	C:\Windows\WinSxS\amd64_microsoft.windows.common-controls_6595b64144ccf1df_6.0.10240.16384_none_f41f7b285750ef43\COMCTL32.dll
0x00007ffa80160000 - 0x00007ffa80196000 	C:\Windows\system32\IMM32.DLL
0x00007ffa805d0000 - 0x00007ffa8072c000 	C:\Windows\system32\MSCTF.dll
0x0000000074a20000 - 0x0000000074af2000 	C:\Program Files\Android\Android Studio\jre\jre\bin\msvcr100.dll
0x0000000074b00000 - 0x0000000075346000 	C:\Program Files\Android\Android Studio\jre\jre\bin\server\jvm.dll
0x00007ffa82410000 - 0x00007ffa82418000 	C:\Windows\system32\PSAPI.DLL
0x00007ffa77dd0000 - 0x00007ffa77dd9000 	C:\Windows\SYSTEM32\WSOCK32.dll
0x00007ffa78880000 - 0x00007ffa7888a000 	C:\Windows\SYSTEM32\VERSION.dll
0x00007ffa78020000 - 0x00007ffa78043000 	C:\Windows\SYSTEM32\WINMM.dll
0x0000000002640000 - 0x000000000266c000 	C:\Windows\SYSTEM32\WINMMBASE.dll
0x00007ffa7f6a0000 - 0x00007ffa7f6e4000 	C:\Windows\system32\cfgmgr32.dll
0x00007ffa7dce0000 - 0x00007ffa7dd07000 	C:\Windows\SYSTEM32\DEVOBJ.dll
0x00007ffa80a00000 - 0x00007ffa80a69000 	C:\Windows\system32\ws2_32.DLL
0x00007ffa807e0000 - 0x00007ffa807e8000 	C:\Windows\system32\NSI.dll
0x00007ffa7daa0000 - 0x00007ffa7daaf000 	C:\Program Files\Android\Android Studio\jre\jre\bin\verify.dll
0x00007ffa7d880000 - 0x00007ffa7d8a9000 	C:\Program Files\Android\Android Studio\jre\jre\bin\java.dll
0x00007ffa7d910000 - 0x00007ffa7d926000 	C:\Program Files\Android\Android Studio\jre\jre\bin\zip.dll
0x00007ffa80d70000 - 0x00007ffa82295000 	C:\Windows\system32\SHELL32.dll
0x00007ffa7f7b0000 - 0x00007ffa7fdd8000 	C:\Windows\system32\windows.storage.dll
0x00007ffa82440000 - 0x00007ffa826bc000 	C:\Windows\system32\combase.dll
0x00007ffa80d10000 - 0x00007ffa80d61000 	C:\Windows\system32\shlwapi.dll
0x00007ffa7f390000 - 0x00007ffa7f39f000 	C:\Windows\system32\kernel.appcore.dll
0x00007ffa7f6f0000 - 0x00007ffa7f7a3000 	C:\Windows\system32\shcore.dll
0x00007ffa7f3c0000 - 0x00007ffa7f40a000 	C:\Windows\system32\powrprof.dll
0x00007ffa7f3a0000 - 0x00007ffa7f3b3000 	C:\Windows\system32\profapi.dll
0x00007ffa7d850000 - 0x00007ffa7d85d000 	C:\Program Files\Android\Android Studio\jre\jre\bin\management.dll
0x00007ffa7d860000 - 0x00007ffa7d87a000 	C:\Program Files\Android\Android Studio\jre\jre\bin\net.dll
0x00007ffa7ebe0000 - 0x00007ffa7ec3d000 	C:\Windows\system32\mswsock.dll
0x00007ffa7d7c0000 - 0x00007ffa7d7d1000 	C:\Program Files\Android\Android Studio\jre\jre\bin\nio.dll
0x00007ffa7ec40000 - 0x00007ffa7ec57000 	C:\Windows\SYSTEM32\CRYPTSP.dll
0x00007ffa7eeb0000 - 0x00007ffa7eed8000 	C:\Windows\SYSTEM32\bcrypt.dll
0x00007ffa7e890000 - 0x00007ffa7e8c3000 	C:\Windows\system32\rsaenh.dll
0x00007ffa7e980000 - 0x00007ffa7e99f000 	C:\Windows\SYSTEM32\USERENV.dll
0x00007ffa7f1c0000 - 0x00007ffa7f22b000 	C:\Windows\system32\bcryptprimitives.dll
0x00007ffa7edb0000 - 0x00007ffa7edbb000 	C:\Windows\SYSTEM32\CRYPTBASE.dll
0x00007ffa799a0000 - 0x00007ffa799d8000 	C:\Windows\SYSTEM32\IPHLPAPI.DLL
0x00007ffa79d70000 - 0x00007ffa79d7b000 	C:\Windows\SYSTEM32\WINNSI.DLL
0x00007ffa79280000 - 0x00007ffa79296000 	C:\Windows\SYSTEM32\dhcpcsvc6.DLL
0x00007ffa79660000 - 0x00007ffa7967a000 	C:\Windows\SYSTEM32\dhcpcsvc.DLL

VM Arguments:
jvm_args: -Djava.awt.headless=true -Djava.rmi.server.hostname=127.0.0.1 -Xmx4096m -Dkotlin.environment.keepalive 
java_command: org.jetbrains.kotlin.daemon.KotlinCompileDaemon --daemon-runFilesPath C:\Users\hp\AppData\Local\kotlin\daemon --daemon-autoshutdownIdleSeconds=7200 --daemon-compilerClasspath C:\Users\hp\.gradle\caches\modules-2\files-2.1\org.jetbrains.kotlin\kotlin-compiler-embeddable\1.3.0\6e8167f9aab0f6cfec309c2722f72dc26572a782\kotlin-compiler-embeddable-1.3.0.jar;C:\Users\hp\.gradle\caches\modules-2\files-2.1\org.jetbrains.kotlin\kotlin-reflect\1.3.0\6fd129fd9ba8581f2cb9c58bfd431dda4ee0457e\kotlin-reflect-1.3.0.jar;C:\Users\hp\.gradle\caches\modules-2\files-2.1\org.jetbrains.kotlin\kotlin-stdlib\1.3.0\a134b0cfe9bb44f98b0b3e889cda07923eea9428\kotlin-stdlib-1.3.0.jar;C:\Users\hp\.gradle\caches\modules-2\files-2.1\org.jetbrains.kotlin\kotlin-script-runtime\1.3.0\c7173ea6208fa189fb56d679624fbc5e2026187f\kotlin-script-runtime-1.3.0.jar;C:\Users\hp\.gradle\caches\modules-2\files-2.1\org.jetbrains.kotlin\kotlin-stdlib-common\1.3.0\84a2e0288dc17cd64d692eb1e5e0de8cd5ff0846\kotlin-stdlib-common-1.3.0.jar;C:\Users\hp\.gradle\caches\modules-2\files-2.1\org.jetbrains\annotations\13.0\919f0dfe192fb4e063e7dacadee7f8bb9a2672a9\annotations-13.0.jar;C:\Program Files\Android\Android Studio\jre\lib\tools.jar
java_class_path (initial): C:\Users\hp\.gradle\caches\modules-2\files-2.1\org.jetbrains.kotlin\kotlin-compiler-embeddable\1.3.0\6e8167f9aab0f6cfec309c2722f72dc26572a782\kotlin-compiler-embeddable-1.3.0.jar;C:\Users\hp\.gradle\caches\modules-2\files-2.1\org.jetbrains.kotlin\kotlin-reflect\1.3.0\6fd129fd9ba8581f2cb9c58bfd431dda4ee0457e\kotlin-reflect-1.3.0.jar;C:\Users\hp\.gradle\caches\modules-2\files-2.1\org.jetbrains.kotlin\kotlin-stdlib\1.3.0\a134b0cfe9bb44f98b0b3e889cda07923eea9428\kotlin-stdlib-1.3.0.jar;C:\Users\hp\.gradle\caches\modules-2\files-2.1\org.jetbrains.kotlin\kotlin-script-runtime\1.3.0\c7173ea6208fa189fb56d679624fbc5e2026187f\kotlin-script-runtime-1.3.0.jar;C:\Users\hp\.gradle\caches\modules-2\files-2.1\org.jetbrains.kotlin\kotlin-stdlib-common\1.3.0\84a2e0288dc17cd64d692eb1e5e0de8cd5ff0846\kotlin-stdlib-common-1.3.0.jar;C:\Users\hp\.gradle\caches\modules-2\files-2.1\org.jetbrains\annotations\13.0\919f0dfe192fb4e063e7dacadee7f8bb9a2672a9\annotations-13.0.jar;C:\Program Files\Android\Android Studio\jre\lib\tools.jar
Launcher Type: SUN_STANDARD

Environment Variables:
PATH=C:\Windows\system32;C:\Windows;C:\Windows\System32\Wbem;C:\Windows\System32\WindowsPowerShell\v1.0\;C:\Program Files\Git\cmd
USERNAME=hp
OS=Windows_NT
PROCESSOR_IDENTIFIER=Intel64 Family 6 Model 37 Stepping 5, GenuineIntel



---------------  S Y S T E M  ---------------

OS: Windows 10.0 , 64 bit Build 10240 (10.0.10240.16384)

CPU:total 4 (initial active 4) (2 cores per cpu, 2 threads per core) family 6 model 37 stepping 5, cmov, cx8, fxsr, mmx, sse, sse2, sse3, ssse3, sse4.1, sse4.2, popcnt, ht, tsc, tscinvbit

Memory: 4k page, physical 3987308k(253708k free), swap 12243176k(2168k free)

vm_info: OpenJDK 64-Bit Server VM (25.202-b03) for windows-amd64 JRE (1.8.0_202-release-1483-b03), built by "builder" with MS VC++ 10.0 (VS2010)

time: Tue Feb 04 01:51:40 2020
timezone: Arab Standard Time
elapsed time: 25 seconds (0d 0h 0m 25s)

