#
# There is insufficient memory for the Java Runtime Environment to continue.
# Native memory allocation (malloc) failed to allocate 453504 bytes for Chunk::new
# Possible reasons:
#   The system is out of physical RAM or swap space
#   The process is running with CompressedOops enabled, and the Java Heap may be blocking the growth of the native heap
# Possible solutions:
#   Reduce memory load on the system
#   Increase physical memory or swap space
#   Check if swap backing store is full
#   Decrease Java heap size (-Xmx/-Xms)
#   Decrease number of Java threads
#   Decrease Java thread stack sizes (-Xss)
#   Set larger code cache with -XX:ReservedCodeCacheSize=
#   JVM is running with Zero Based Compressed Oops mode in which the Java heap is
#     placed in the first 32GB address space. The Java Heap base address is the
#     maximum limit for the native heap growth. Please use -XX:HeapBaseMinAddress
#     to set the Java Heap base and to place the Java Heap above 32GB virtual address.
# This output file may be truncated or incomplete.
#
#  Out of Memory Error (allocation.cpp:389), pid=7808, tid=0x00000000000008a0
#
# JRE version: OpenJDK Runtime Environment (8.0_202-b03) (build 1.8.0_202-release-1483-b03)
# Java VM: OpenJDK 64-Bit Server VM (25.202-b03 mixed mode windows-amd64 compressed oops)
# Failed to write core dump. Minidumps are not enabled by default on client versions of Windows
#

---------------  T H R E A D  ---------------

Current thread (0x000000001c3f9000):  JavaThread "C2 CompilerThread1" daemon [_thread_in_native, id=2208, stack(0x000000001db30000,0x000000001dc30000)]

Stack: [0x000000001db30000,0x000000001dc30000]
[error occurred during error reporting (printing stack bounds), id 0xc0000005]

Native frames: (J=compiled Java code, j=interpreted, Vv=VM code, C=native code)


Current CompileTask:
C2:  12851 3687       4       java.net.URLClassLoader$1::run (5 bytes)


---------------  P R O C E S S  ---------------

Java Threads: ( => current thread )
  0x000000001e58f000 JavaThread "RMI RenewClean-[127.0.0.1:54722,org.jetbrains.kotlin.daemon.common.LoopbackNetworkInterface$ClientLoopbackSocketFactory@48a16842]" daemon [_thread_blocked, id=2976, stack(0x000000001f950000,0x000000001fa50000)]
  0x000000001e5ac800 JavaThread "RMI TCP Connection(2)-127.0.0.1" daemon [_thread_in_native, id=5160, stack(0x000000001f850000,0x000000001f950000)]
  0x000000001e5aa000 JavaThread "RMI Scheduler(0)" daemon [_thread_blocked, id=5596, stack(0x000000001f750000,0x000000001f850000)]
  0x000000001e55e800 JavaThread "RMI TCP Connection(1)-127.0.0.1" daemon [_thread_in_native, id=1684, stack(0x000000001f650000,0x000000001f750000)]
  0x0000000002b1e800 JavaThread "DestroyJavaVM" [_thread_blocked, id=7508, stack(0x0000000002b20000,0x0000000002c20000)]
  0x000000001e557000 JavaThread "GC Daemon" daemon [_thread_blocked, id=3064, stack(0x000000001f270000,0x000000001f370000)]
  0x000000001e552000 JavaThread "RMI Reaper" [_thread_blocked, id=5516, stack(0x000000001f170000,0x000000001f270000)]
  0x000000001e4e8800 JavaThread "Timer-0" daemon [_thread_blocked, id=1388, stack(0x000000001ef70000,0x000000001f070000)]
  0x000000001e48c800 JavaThread "RMI TCP Accept-17085" daemon [_thread_in_native, id=1136, stack(0x000000001ee70000,0x000000001ef70000)]
  0x000000001c44d800 JavaThread "Service Thread" daemon [_thread_blocked, id=8592, stack(0x000000001e130000,0x000000001e230000)]
  0x000000001c446000 JavaThread "C1 CompilerThread2" daemon [_thread_blocked, id=8144, stack(0x000000001dc30000,0x000000001dd30000)]
=>0x000000001c3f9000 JavaThread "C2 CompilerThread1" daemon [_thread_in_native, id=2208, stack(0x000000001db30000,0x000000001dc30000)]
  0x000000001c3f4800 JavaThread "C2 CompilerThread0" daemon [_thread_in_native, id=4932, stack(0x000000001da30000,0x000000001db30000)]
  0x000000001c3f3000 JavaThread "Attach Listener" daemon [_thread_blocked, id=1968, stack(0x000000001d930000,0x000000001da30000)]
  0x000000001c441000 JavaThread "Signal Dispatcher" daemon [_thread_blocked, id=8744, stack(0x000000001d830000,0x000000001d930000)]
  0x0000000002d1b000 JavaThread "Finalizer" daemon [_thread_blocked, id=7532, stack(0x000000001d650000,0x000000001d750000)]
  0x0000000002d12000 JavaThread "Reference Handler" daemon [_thread_blocked, id=8660, stack(0x000000001d550000,0x000000001d650000)]

Other Threads:
  0x000000001c3b5000 VMThread [stack: 0x000000001d450000,0x000000001d550000] [id=5832]
  0x000000001c44e800 WatcherThread [stack: 0x000000001e230000,0x000000001e330000] [id=4612]

VM state:not at safepoint (normal execution)

VM Mutex/Monitor currently owned by a thread: None

heap address: 0x00000006c0000000, size: 4096 MB, Compressed Oops mode: Zero based, Oop shift amount: 3
Narrow klass base: 0x0000000000000000, Narrow klass shift: 3
Compressed class space size: 1073741824 Address: 0x00000007c0000000

Heap:
 PSYoungGen      total 69120K, used 44047K [0x000000076ab00000, 0x0000000770f80000, 0x00000007c0000000)
  eden space 55296K, 58% used [0x000000076ab00000,0x000000076cab3f78,0x000000076e100000)
  from space 13824K, 83% used [0x000000076e100000,0x000000076ec50030,0x000000076ee80000)
  to   space 14848K, 0% used [0x0000000770100000,0x0000000770100000,0x0000000770f80000)
 ParOldGen       total 68608K, used 19050K [0x00000006c0000000, 0x00000006c4300000, 0x000000076ab00000)
  object space 68608K, 27% used [0x00000006c0000000,0x00000006c129aad0,0x00000006c4300000)
 Metaspace       used 45919K, capacity 46642K, committed 47232K, reserved 1091584K
  class space    used 5709K, capacity 5902K, committed 6016K, reserved 1048576K

Card table byte_map: [0x00000000120e0000,0x00000000128f0000] byte_map_base: 0x000000000eae0000

Marking Bits: (ParMarkBitMap*) 0x00000000752c9f30
 Begin Bits: [0x0000000013250000, 0x0000000017250000)
 End Bits:   [0x0000000017250000, 0x000000001b250000)

Polling page: 0x00000000010d0000

CodeCache: size=245760Kb used=11093Kb max_used=11097Kb free=234666Kb
 bounds [0x0000000002d20000, 0x0000000003820000, 0x0000000011d20000]
 total_blobs=3940 nmethods=3424 adapters=430
 compilation: enabled

Compilation events (10 events):
Event: 12.552 Thread 0x000000001c446000 3689       1       java.lang.Enum::name (5 bytes)
Event: 12.552 Thread 0x000000001c446000 nmethod 3689 0x00000000032554d0 code [0x0000000003255620, 0x0000000003255730]
Event: 12.766 Thread 0x000000001c446000 3690       3       java.io.File::exists (43 bytes)
Event: 12.767 Thread 0x000000001c446000 nmethod 3690 0x0000000003257290 code [0x0000000003257420, 0x00000000032578a8]
Event: 12.771 Thread 0x000000001c446000 3691  s    3       java.io.ExpiringCache::put (70 bytes)
Event: 12.772 Thread 0x000000001c446000 nmethod 3691 0x0000000003256650 code [0x0000000003256820, 0x0000000003256f88]
Event: 12.772 Thread 0x000000001c446000 3692       3       java.io.ExpiringCache$Entry::<init> (15 bytes)
Event: 12.772 Thread 0x000000001c446000 nmethod 3692 0x0000000002f02090 code [0x0000000002f021e0, 0x0000000002f023b0]
Event: 12.772 Thread 0x000000001c446000 3693       3       java.io.ExpiringCache$1::removeEldestEntry (20 bytes)
Event: 12.773 Thread 0x000000001c446000 nmethod 3693 0x0000000003256190 code [0x0000000003256300, 0x0000000003256570]

GC Heap History (10 events):
Event: 6.242 GC heap before
{Heap before GC invocations=8 (full 2):
 PSYoungGen      total 34304K, used 31744K [0x000000076ab00000, 0x000000076ee00000, 0x00000007c0000000)
  eden space 31744K, 100% used [0x000000076ab00000,0x000000076ca00000,0x000000076ca00000)
  from space 2560K, 0% used [0x000000076ca00000,0x000000076ca00000,0x000000076cc80000)
  to   space 2560K, 0% used [0x000000076eb80000,0x000000076eb80000,0x000000076ee00000)
 ParOldGen       total 40448K, used 9026K [0x00000006c0000000, 0x00000006c2780000, 0x000000076ab00000)
  object space 40448K, 22% used [0x00000006c0000000,0x00000006c08d0950,0x00000006c2780000)
 Metaspace       used 27975K, capacity 28444K, committed 28672K, reserved 1075200K
  class space    used 3640K, capacity 3794K, committed 3840K, reserved 1048576K
Event: 6.257 GC heap after
Heap after GC invocations=8 (full 2):
 PSYoungGen      total 45568K, used 2545K [0x000000076ab00000, 0x000000076ee00000, 0x00000007c0000000)
  eden space 43008K, 0% used [0x000000076ab00000,0x000000076ab00000,0x000000076d500000)
  from space 2560K, 99% used [0x000000076eb80000,0x000000076edfc760,0x000000076ee00000)
  to   space 9216K, 0% used [0x000000076dc00000,0x000000076dc00000,0x000000076e500000)
 ParOldGen       total 40448K, used 14477K [0x00000006c0000000, 0x00000006c2780000, 0x000000076ab00000)
  object space 40448K, 35% used [0x00000006c0000000,0x00000006c0e23488,0x00000006c2780000)
 Metaspace       used 27975K, capacity 28444K, committed 28672K, reserved 1075200K
  class space    used 3640K, capacity 3794K, committed 3840K, reserved 1048576K
}
Event: 8.192 GC heap before
{Heap before GC invocations=9 (full 2):
 PSYoungGen      total 45568K, used 45553K [0x000000076ab00000, 0x000000076ee00000, 0x00000007c0000000)
  eden space 43008K, 100% used [0x000000076ab00000,0x000000076d500000,0x000000076d500000)
  from space 2560K, 99% used [0x000000076eb80000,0x000000076edfc760,0x000000076ee00000)
  to   space 9216K, 0% used [0x000000076dc00000,0x000000076dc00000,0x000000076e500000)
 ParOldGen       total 40448K, used 14477K [0x00000006c0000000, 0x00000006c2780000, 0x000000076ab00000)
  object space 40448K, 35% used [0x00000006c0000000,0x00000006c0e23488,0x00000006c2780000)
 Metaspace       used 31896K, capacity 32443K, committed 32768K, reserved 1077248K
  class space    used 4087K, capacity 4258K, committed 4352K, reserved 1048576K
Event: 8.209 GC heap after
Heap after GC invocations=9 (full 2):
 PSYoungGen      total 59392K, used 9213K [0x000000076ab00000, 0x000000076fa00000, 0x00000007c0000000)
  eden space 50176K, 0% used [0x000000076ab00000,0x000000076ab00000,0x000000076dc00000)
  from space 9216K, 99% used [0x000000076dc00000,0x000000076e4ff5b8,0x000000076e500000)
  to   space 11776K, 0% used [0x000000076ee80000,0x000000076ee80000,0x000000076fa00000)
 ParOldGen       total 40448K, used 16818K [0x00000006c0000000, 0x00000006c2780000, 0x000000076ab00000)
  object space 40448K, 41% used [0x00000006c0000000,0x00000006c106c900,0x00000006c2780000)
 Metaspace       used 31896K, capacity 32443K, committed 32768K, reserved 1077248K
  class space    used 4087K, capacity 4258K, committed 4352K, reserved 1048576K
}
Event: 8.840 GC heap before
{Heap before GC invocations=10 (full 2):
 PSYoungGen      total 59392K, used 28933K [0x000000076ab00000, 0x000000076fa00000, 0x00000007c0000000)
  eden space 50176K, 39% used [0x000000076ab00000,0x000000076be41e58,0x000000076dc00000)
  from space 9216K, 99% used [0x000000076dc00000,0x000000076e4ff5b8,0x000000076e500000)
  to   space 11776K, 0% used [0x000000076ee80000,0x000000076ee80000,0x000000076fa00000)
 ParOldGen       total 40448K, used 16818K [0x00000006c0000000, 0x00000006c2780000, 0x000000076ab00000)
  object space 40448K, 41% used [0x00000006c0000000,0x00000006c106c900,0x00000006c2780000)
 Metaspace       used 34601K, capacity 35117K, committed 35496K, reserved 1081344K
  class space    used 4337K, capacity 4485K, committed 4608K, reserved 1048576K
Event: 8.857 GC heap after
Heap after GC invocations=10 (full 2):
 PSYoungGen      total 67072K, used 11766K [0x000000076ab00000, 0x0000000770a00000, 0x00000007c0000000)
  eden space 55296K, 0% used [0x000000076ab00000,0x000000076ab00000,0x000000076e100000)
  from space 11776K, 99% used [0x000000076ee80000,0x000000076f9fd950,0x000000076fa00000)
  to   space 13824K, 0% used [0x000000076e100000,0x000000076e100000,0x000000076ee80000)
 ParOldGen       total 40448K, used 18008K [0x00000006c0000000, 0x00000006c2780000, 0x000000076ab00000)
  object space 40448K, 44% used [0x00000006c0000000,0x00000006c1196390,0x00000006c2780000)
 Metaspace       used 34601K, capacity 35117K, committed 35496K, reserved 1081344K
  class space    used 4337K, capacity 4485K, committed 4608K, reserved 1048576K
}
Event: 8.857 GC heap before
{Heap before GC invocations=11 (full 3):
 PSYoungGen      total 67072K, used 11766K [0x000000076ab00000, 0x0000000770a00000, 0x00000007c0000000)
  eden space 55296K, 0% used [0x000000076ab00000,0x000000076ab00000,0x000000076e100000)
  from space 11776K, 99% used [0x000000076ee80000,0x000000076f9fd950,0x000000076fa00000)
  to   space 13824K, 0% used [0x000000076e100000,0x000000076e100000,0x000000076ee80000)
 ParOldGen       total 40448K, used 18008K [0x00000006c0000000, 0x00000006c2780000, 0x000000076ab00000)
  object space 40448K, 44% used [0x00000006c0000000,0x00000006c1196390,0x00000006c2780000)
 Metaspace       used 34601K, capacity 35117K, committed 35496K, reserved 1081344K
  class space    used 4337K, capacity 4485K, committed 4608K, reserved 1048576K
Event: 9.020 GC heap after
Heap after GC invocations=11 (full 3):
 PSYoungGen      total 67072K, used 0K [0x000000076ab00000, 0x0000000770a00000, 0x00000007c0000000)
  eden space 55296K, 0% used [0x000000076ab00000,0x000000076ab00000,0x000000076e100000)
  from space 11776K, 0% used [0x000000076ee80000,0x000000076ee80000,0x000000076fa00000)
  to   space 13824K, 0% used [0x000000076e100000,0x000000076e100000,0x000000076ee80000)
 ParOldGen       total 68608K, used 19042K [0x00000006c0000000, 0x00000006c4300000, 0x000000076ab00000)
  object space 68608K, 27% used [0x00000006c0000000,0x00000006c1298ad0,0x00000006c4300000)
 Metaspace       used 34601K, capacity 35117K, committed 35496K, reserved 1081344K
  class space    used 4337K, capacity 4485K, committed 4608K, reserved 1048576K
}
Event: 11.258 GC heap before
{Heap before GC invocations=12 (full 3):
 PSYoungGen      total 67072K, used 55296K [0x000000076ab00000, 0x0000000770a00000, 0x00000007c0000000)
  eden space 55296K, 100% used [0x000000076ab00000,0x000000076e100000,0x000000076e100000)
  from space 11776K, 0% used [0x000000076ee80000,0x000000076ee80000,0x000000076fa00000)
  to   space 13824K, 0% used [0x000000076e100000,0x000000076e100000,0x000000076ee80000)
 ParOldGen       total 68608K, used 19042K [0x00000006c0000000, 0x00000006c4300000, 0x000000076ab00000)
  object space 68608K, 27% used [0x00000006c0000000,0x00000006c1298ad0,0x00000006c4300000)
 Metaspace       used 40610K, capacity 41238K, committed 41728K, reserved 1085440K
  class space    used 5082K, capacity 5264K, committed 5376K, reserved 1048576K
Event: 11.284 GC heap after
Heap after GC invocations=12 (full 3):
 PSYoungGen      total 69120K, used 11584K [0x000000076ab00000, 0x0000000770f80000, 0x00000007c0000000)
  eden space 55296K, 0% used [0x000000076ab00000,0x000000076ab00000,0x000000076e100000)
  from space 13824K, 83% used [0x000000076e100000,0x000000076ec50030,0x000000076ee80000)
  to   space 14848K, 0% used [0x0000000770100000,0x0000000770100000,0x0000000770f80000)
 ParOldGen       total 68608K, used 19050K [0x00000006c0000000, 0x00000006c4300000, 0x000000076ab00000)
  object space 68608K, 27% used [0x00000006c0000000,0x00000006c129aad0,0x00000006c4300000)
 Metaspace       used 40610K, capacity 41238K, committed 41728K, reserved 1085440K
  class space    used 5082K, capacity 5264K, committed 5376K, reserved 1048576K
}

Deoptimization events (10 events):
Event: 12.242 Thread 0x000000001e5ac800 Uncommon trap: reason=unstable_if action=reinterpret pc=0x00000000037b8890 method=java.util.regex.Pattern$Start.match(Ljava/util/regex/Matcher;ILjava/lang/CharSequence;)Z @ 10
Event: 12.288 Thread 0x000000001e5ac800 Uncommon trap: reason=unstable_if action=reinterpret pc=0x0000000003736264 method=org.jetbrains.kotlin.metadata.ProtoBuf$Type.isInitialized()Z @ 7
Event: 12.320 Thread 0x000000001e5ac800 Uncommon trap: reason=class_check action=maybe_recompile pc=0x0000000003659c7c method=java.util.AbstractList.hashCode()I @ 36
Event: 12.320 Thread 0x000000001e5ac800 Uncommon trap: reason=class_check action=maybe_recompile pc=0x0000000003659c7c method=java.util.AbstractList.hashCode()I @ 36
Event: 12.320 Thread 0x000000001e5ac800 Uncommon trap: reason=class_check action=maybe_recompile pc=0x0000000003659c7c method=java.util.AbstractList.hashCode()I @ 36
Event: 12.356 Thread 0x000000001e5ac800 Uncommon trap: reason=unstable_if action=reinterpret pc=0x000000000376a1b4 method=org.jetbrains.kotlin.protobuf.SmallSortedMap.entrySet()Ljava/util/Set; @ 4
Event: 12.356 Thread 0x000000001e5ac800 Uncommon trap: reason=unstable_if action=reinterpret pc=0x00000000037f7c48 method=org.jetbrains.kotlin.protobuf.SmallSortedMap.entrySet()Ljava/util/Set; @ 4
Event: 12.356 Thread 0x000000001e5ac800 Uncommon trap: reason=unstable_if action=reinterpret pc=0x0000000003778e44 method=org.jetbrains.kotlin.protobuf.SmallSortedMap.entrySet()Ljava/util/Set; @ 4
Event: 12.389 Thread 0x000000001e5ac800 Uncommon trap: reason=predicate action=maybe_recompile pc=0x000000000331a870 method=sun.misc.Resource.getBytes()[B @ 53
Event: 12.390 Thread 0x000000001e5ac800 Uncommon trap: reason=predicate action=maybe_recompile pc=0x00000000032f8c78 method=sun.misc.Resource.getBytes()[B @ 53

Classes redefined (0 events):
No events

Internal exceptions (10 events):
Event: 4.663 Thread 0x000000001e5ac800 Exception <a 'java/lang/NoSuchMethodError': java.lang.Object.lambda$static$0(I)[Lorg/jetbrains/kotlin/com/intellij/psi/PsiAnnotation;> (0x000000076b3db2e8) thrown at [D:\src\AOSP-openjdk-cygwin\jdk8u\hotspot\src\share\vm\interpreter\linkResolver.cpp, line
Event: 5.387 Thread 0x000000001e5ac800 Exception <a 'java/lang/NoSuchMethodError': java.lang.Object.lambda$static$0(I)[Lorg/jetbrains/kotlin/psi/KtExpression;> (0x000000076c22ab40) thrown at [D:\src\AOSP-openjdk-cygwin\jdk8u\hotspot\src\share\vm\interpreter\linkResolver.cpp, line 620]
Event: 5.397 Thread 0x000000001e5ac800 Exception <a 'java/lang/NoSuchMethodError': java.lang.Object.lambda$static$0(I)[Lorg/jetbrains/kotlin/psi/KtDeclaration;> (0x000000076c28b5f8) thrown at [D:\src\AOSP-openjdk-cygwin\jdk8u\hotspot\src\share\vm\interpreter\linkResolver.cpp, line 620]
Event: 9.141 Thread 0x000000001e5ac800 Implicit null exception at 0x00000000032e294f to 0x00000000032e2ae9
Event: 9.671 Thread 0x000000001e5ac800 Exception <a 'java/lang/NoSuchMethodError': java.lang.Object.lambda$static$0(I)[Lorg/jetbrains/kotlin/com/intellij/psi/PsiElement;> (0x000000076b081818) thrown at [D:\src\AOSP-openjdk-cygwin\jdk8u\hotspot\src\share\vm\interpreter\linkResolver.cpp, line 62
Event: 10.420 Thread 0x000000001e5ac800 Exception <a 'java/lang/NoSuchMethodError': java.lang.Object.lambda$static$0(I)[Lorg/jetbrains/kotlin/psi/KtTypeElement;> (0x000000076c028938) thrown at [D:\src\AOSP-openjdk-cygwin\jdk8u\hotspot\src\share\vm\interpreter\linkResolver.cpp, line 620]
Event: 10.932 Thread 0x000000001e5ac800 Exception <a 'java/lang/NoSuchMethodError': java.lang.Object.lambda$static$0(I)[Lorg/jetbrains/kotlin/com/intellij/psi/PsiClass;> (0x000000076d3f7dc0) thrown at [D:\src\AOSP-openjdk-cygwin\jdk8u\hotspot\src\share\vm\interpreter\linkResolver.cpp, line 620]
Event: 11.567 Thread 0x000000001e5ac800 Implicit null exception at 0x000000000365330c to 0x00000000036533bd
Event: 12.035 Thread 0x000000001e5ac800 Exception <a 'java/lang/NoSuchMethodError': java.lang.Object.lambda$static$0(Ljava/lang/Throwable;Ljava/lang/String;)V> (0x000000076bd5e098) thrown at [D:\src\AOSP-openjdk-cygwin\jdk8u\hotspot\src\share\vm\interpreter\linkResolver.cpp, line 620]
Event: 12.241 Thread 0x000000001e5ac800 Exception <a 'java/lang/NoSuchMethodError': java.lang.Object.lambda$static$0(Lorg/jetbrains/kotlin/descriptors/ValueParameterDescriptor;Lorg/jetbrains/kotlin/codegen/ExpressionCodegen;)Lorg/jetbrains/kotlin/codegen/StackValue;> (0x000000076c413058) thrown

Events (10 events):
Event: 12.831 loading class com/sun/tools/javac/util/JavacMessages
Event: 12.831 loading class com/sun/tools/javac/util/JavacMessages done
Event: 12.831 loading class com/sun/tools/javac/api/Messages
Event: 12.831 loading class com/sun/tools/javac/api/Messages done
Event: 12.832 loading class com/sun/tools/javac/util/List$3
Event: 12.832 loading class com/sun/tools/javac/util/List$3 done
Event: 12.832 loading class com/sun/tools/javac/resources/compiler
Event: 12.832 loading class com/sun/tools/javac/resources/compiler done
Event: 12.835 loading class com/sun/tools/javac/resources/compiler_en
Event: 12.835 loading class com/sun/tools/javac/resources/compiler_en done


Dynamic libraries:
0x00007ff6f5ae0000 - 0x00007ff6f5b11000 	C:\Program Files\Android\Android Studio\jre\jre\bin\java.exe
0x00007ffa82940000 - 0x00007ffa82b02000 	C:\Windows\SYSTEM32\ntdll.dll
0x00007ffa82360000 - 0x00007ffa8240d000 	C:\Windows\system32\KERNEL32.DLL
0x00007ffa7f4c0000 - 0x00007ffa7f69d000 	C:\Windows\system32\KERNELBASE.dll
0x00007ffa80330000 - 0x00007ffa803d6000 	C:\Windows\system32\ADVAPI32.dll
0x00007ffa826c0000 - 0x00007ffa8275d000 	C:\Windows\system32\msvcrt.dll
0x00007ffa80570000 - 0x00007ffa805cb000 	C:\Windows\system32\sechost.dll
0x00007ffa801a0000 - 0x00007ffa802c6000 	C:\Windows\system32\RPCRT4.dll
0x00007ffa80a70000 - 0x00007ffa80bbe000 	C:\Windows\system32\USER32.dll
0x00007ffa803e0000 - 0x00007ffa80565000 	C:\Windows\system32\GDI32.dll
0x00007ffa78380000 - 0x00007ffa785f4000 	C:\Windows\WinSxS\amd64_microsoft.windows.common-controls_6595b64144ccf1df_6.0.10240.16384_none_f41f7b285750ef43\COMCTL32.dll
0x00007ffa80160000 - 0x00007ffa80196000 	C:\Windows\system32\IMM32.DLL
0x00007ffa805d0000 - 0x00007ffa8072c000 	C:\Windows\system32\MSCTF.dll
0x0000000074a20000 - 0x0000000074af2000 	C:\Program Files\Android\Android Studio\jre\jre\bin\msvcr100.dll
0x0000000074b00000 - 0x0000000075346000 	C:\Program Files\Android\Android Studio\jre\jre\bin\server\jvm.dll
0x00007ffa82410000 - 0x00007ffa82418000 	C:\Windows\system32\PSAPI.DLL
0x00007ffa78020000 - 0x00007ffa78043000 	C:\Windows\SYSTEM32\WINMM.dll
0x00007ffa77dd0000 - 0x00007ffa77dd9000 	C:\Windows\SYSTEM32\WSOCK32.dll
0x00007ffa78880000 - 0x00007ffa7888a000 	C:\Windows\SYSTEM32\VERSION.dll
0x00007ffa80a00000 - 0x00007ffa80a69000 	C:\Windows\system32\WS2_32.dll
0x00007ffa807e0000 - 0x00007ffa807e8000 	C:\Windows\system32\NSI.dll
0x00007ffa77f80000 - 0x00007ffa77fac000 	C:\Windows\SYSTEM32\WINMMBASE.dll
0x00007ffa7f6a0000 - 0x00007ffa7f6e4000 	C:\Windows\system32\cfgmgr32.dll
0x00007ffa7dce0000 - 0x00007ffa7dd07000 	C:\Windows\SYSTEM32\DEVOBJ.dll
0x00007ffa7daa0000 - 0x00007ffa7daaf000 	C:\Program Files\Android\Android Studio\jre\jre\bin\verify.dll
0x00007ffa7d880000 - 0x00007ffa7d8a9000 	C:\Program Files\Android\Android Studio\jre\jre\bin\java.dll
0x00007ffa7d910000 - 0x00007ffa7d926000 	C:\Program Files\Android\Android Studio\jre\jre\bin\zip.dll
0x00007ffa80d70000 - 0x00007ffa82295000 	C:\Windows\system32\SHELL32.dll
0x00007ffa7f7b0000 - 0x00007ffa7fdd8000 	C:\Windows\system32\windows.storage.dll
0x00007ffa82440000 - 0x00007ffa826bc000 	C:\Windows\system32\combase.dll
0x00007ffa80d10000 - 0x00007ffa80d61000 	C:\Windows\system32\shlwapi.dll
0x00007ffa7f390000 - 0x00007ffa7f39f000 	C:\Windows\system32\kernel.appcore.dll
0x00007ffa7f6f0000 - 0x00007ffa7f7a3000 	C:\Windows\system32\shcore.dll
0x00007ffa7f3c0000 - 0x00007ffa7f40a000 	C:\Windows\system32\powrprof.dll
0x00007ffa7f3a0000 - 0x00007ffa7f3b3000 	C:\Windows\system32\profapi.dll
0x00007ffa7d850000 - 0x00007ffa7d85d000 	C:\Program Files\Android\Android Studio\jre\jre\bin\management.dll
0x00007ffa7d860000 - 0x00007ffa7d87a000 	C:\Program Files\Android\Android Studio\jre\jre\bin\net.dll
0x00007ffa7ebe0000 - 0x00007ffa7ec3d000 	C:\Windows\system32\mswsock.dll
0x00007ffa7d7c0000 - 0x00007ffa7d7d1000 	C:\Program Files\Android\Android Studio\jre\jre\bin\nio.dll
0x00007ffa7ec40000 - 0x00007ffa7ec57000 	C:\Windows\SYSTEM32\CRYPTSP.dll
0x00007ffa7eeb0000 - 0x00007ffa7eed8000 	C:\Windows\SYSTEM32\bcrypt.dll
0x00007ffa7e890000 - 0x00007ffa7e8c3000 	C:\Windows\system32\rsaenh.dll
0x00007ffa7e980000 - 0x00007ffa7e99f000 	C:\Windows\SYSTEM32\USERENV.dll
0x00007ffa7f1c0000 - 0x00007ffa7f22b000 	C:\Windows\system32\bcryptprimitives.dll
0x00007ffa7edb0000 - 0x00007ffa7edbb000 	C:\Windows\SYSTEM32\CRYPTBASE.dll
0x00007ffa799a0000 - 0x00007ffa799d8000 	C:\Windows\SYSTEM32\IPHLPAPI.DLL
0x00007ffa79d70000 - 0x00007ffa79d7b000 	C:\Windows\SYSTEM32\WINNSI.DLL
0x00007ffa79280000 - 0x00007ffa79296000 	C:\Windows\SYSTEM32\dhcpcsvc6.DLL
0x00007ffa79660000 - 0x00007ffa7967a000 	C:\Windows\SYSTEM32\dhcpcsvc.DLL

VM Arguments:
jvm_args: -Djava.awt.headless=true -Djava.rmi.server.hostname=127.0.0.1 -Xmx4096m -Dkotlin.environment.keepalive 
java_command: org.jetbrains.kotlin.daemon.KotlinCompileDaemon --daemon-runFilesPath C:\Users\hp\AppData\Local\kotlin\daemon --daemon-autoshutdownIdleSeconds=7200 --daemon-compilerClasspath C:\Users\hp\.gradle\caches\modules-2\files-2.1\org.jetbrains.kotlin\kotlin-compiler-embeddable\1.3.0\6e8167f9aab0f6cfec309c2722f72dc26572a782\kotlin-compiler-embeddable-1.3.0.jar;C:\Users\hp\.gradle\caches\modules-2\files-2.1\org.jetbrains.kotlin\kotlin-reflect\1.3.0\6fd129fd9ba8581f2cb9c58bfd431dda4ee0457e\kotlin-reflect-1.3.0.jar;C:\Users\hp\.gradle\caches\modules-2\files-2.1\org.jetbrains.kotlin\kotlin-stdlib\1.3.0\a134b0cfe9bb44f98b0b3e889cda07923eea9428\kotlin-stdlib-1.3.0.jar;C:\Users\hp\.gradle\caches\modules-2\files-2.1\org.jetbrains.kotlin\kotlin-script-runtime\1.3.0\c7173ea6208fa189fb56d679624fbc5e2026187f\kotlin-script-runtime-1.3.0.jar;C:\Users\hp\.gradle\caches\modules-2\files-2.1\org.jetbrains.kotlin\kotlin-stdlib-common\1.3.0\84a2e0288dc17cd64d692eb1e5e0de8cd5ff0846\kotlin-stdlib-common-1.3.0.jar;C:\Users\hp\.gradle\caches\modules-2\files-2.1\org.jetbrains\annotations\13.0\919f0dfe192fb4e063e7dacadee7f8bb9a2672a9\annotations-13.0.jar;C:\Program Files\Android\Android Studio\jre\lib\tools.jar
java_class_path (initial): C:\Users\hp\.gradle\caches\modules-2\files-2.1\org.jetbrains.kotlin\kotlin-compiler-embeddable\1.3.0\6e8167f9aab0f6cfec309c2722f72dc26572a782\kotlin-compiler-embeddable-1.3.0.jar;C:\Users\hp\.gradle\caches\modules-2\files-2.1\org.jetbrains.kotlin\kotlin-reflect\1.3.0\6fd129fd9ba8581f2cb9c58bfd431dda4ee0457e\kotlin-reflect-1.3.0.jar;C:\Users\hp\.gradle\caches\modules-2\files-2.1\org.jetbrains.kotlin\kotlin-stdlib\1.3.0\a134b0cfe9bb44f98b0b3e889cda07923eea9428\kotlin-stdlib-1.3.0.jar;C:\Users\hp\.gradle\caches\modules-2\files-2.1\org.jetbrains.kotlin\kotlin-script-runtime\1.3.0\c7173ea6208fa189fb56d679624fbc5e2026187f\kotlin-script-runtime-1.3.0.jar;C:\Users\hp\.gradle\caches\modules-2\files-2.1\org.jetbrains.kotlin\kotlin-stdlib-common\1.3.0\84a2e0288dc17cd64d692eb1e5e0de8cd5ff0846\kotlin-stdlib-common-1.3.0.jar;C:\Users\hp\.gradle\caches\modules-2\files-2.1\org.jetbrains\annotations\13.0\919f0dfe192fb4e063e7dacadee7f8bb9a2672a9\annotations-13.0.jar;C:\Program Files\Android\Android Studio\jre\lib\tools.jar
Launcher Type: SUN_STANDARD

Environment Variables:
PATH=C:\Windows\system32;C:\Windows;C:\Windows\System32\Wbem;C:\Windows\System32\WindowsPowerShell\v1.0\;C:\Program Files\Git\cmd
USERNAME=hp
OS=Windows_NT
PROCESSOR_IDENTIFIER=Intel64 Family 6 Model 37 Stepping 5, GenuineIntel



---------------  S Y S T E M  ---------------

OS: Windows 10.0 , 64 bit Build 10240 (10.0.10240.16384)

CPU:total 4 (initial active 4) (2 cores per cpu, 2 threads per core) family 6 model 37 stepping 5, cmov, cx8, fxsr, mmx, sse, sse2, sse3, ssse3, sse4.1, sse4.2, popcnt, ht, tsc, tscinvbit

Memory: 4k page, physical 3987308k(300980k free), swap 12243176k(4200k free)

vm_info: OpenJDK 64-Bit Server VM (25.202-b03) for windows-amd64 JRE (1.8.0_202-release-1483-b03), built by "builder" with MS VC++ 10.0 (VS2010)

time: Tue Feb 04 01:47:37 2020
timezone: Arab Standard Time
elapsed time: 12 seconds (0d 0h 0m 12s)

