#
# There is insufficient memory for the Java Runtime Environment to continue.
# Native memory allocation (malloc) failed to allocate 32744 bytes for ChunkPool::allocate
# Possible reasons:
#   The system is out of physical RAM or swap space
#   The process is running with CompressedOops enabled, and the Java Heap may be blocking the growth of the native heap
# Possible solutions:
#   Reduce memory load on the system
#   Increase physical memory or swap space
#   Check if swap backing store is full
#   Decrease Java heap size (-Xmx/-Xms)
#   Decrease number of Java threads
#   Decrease Java thread stack sizes (-Xss)
#   Set larger code cache with -XX:ReservedCodeCacheSize=
#   JVM is running with Zero Based Compressed Oops mode in which the Java heap is
#     placed in the first 32GB address space. The Java Heap base address is the
#     maximum limit for the native heap growth. Please use -XX:HeapBaseMinAddress
#     to set the Java Heap base and to place the Java Heap above 32GB virtual address.
# This output file may be truncated or incomplete.
#
#  Out of Memory Error (allocation.cpp:272), pid=7848, tid=0x0000000000001788
#
# JRE version: OpenJDK Runtime Environment (8.0_202-b03) (build 1.8.0_202-release-1483-b03)
# Java VM: OpenJDK 64-Bit Server VM (25.202-b03 mixed mode windows-amd64 compressed oops)
# Failed to write core dump. Minidumps are not enabled by default on client versions of Windows
#

---------------  T H R E A D  ---------------

Current thread (0x000000001c399000):  JavaThread "C1 CompilerThread2" daemon [_thread_in_native, id=6024, stack(0x000000001dac0000,0x000000001dbc0000)]

Stack: [0x000000001dac0000,0x000000001dbc0000]
[error occurred during error reporting (printing stack bounds), id 0xc0000005]

Native frames: (J=compiled Java code, j=interpreted, Vv=VM code, C=native code)


Current CompileTask:
C1:  14520 2712   !   3       com.sun.tools.javac.parser.JavaTokenizer::readToken (2243 bytes)


---------------  P R O C E S S  ---------------

Java Threads: ( => current thread )
  0x000000001e3eb800 JavaThread "RMI RenewClean-[127.0.0.1:54722,org.jetbrains.kotlin.daemon.common.LoopbackNetworkInterface$ClientLoopbackSocketFactory@5b159921]" daemon [_thread_blocked, id=8824, stack(0x000000001f6e0000,0x000000001f7e0000)]
  0x000000001e449000 JavaThread "RMI TCP Connection(2)-127.0.0.1" daemon [_thread_in_native, id=7008, stack(0x000000001f5e0000,0x000000001f6e0000)]
  0x000000001e298800 JavaThread "RMI Scheduler(0)" daemon [_thread_blocked, id=3500, stack(0x000000001f4e0000,0x000000001f5e0000)]
  0x000000001e38c800 JavaThread "RMI TCP Connection(1)-127.0.0.1" daemon [_thread_in_native, id=2204, stack(0x000000001ef00000,0x000000001f000000)]
  0x0000000002b6e800 JavaThread "DestroyJavaVM" [_thread_blocked, id=468, stack(0x0000000002980000,0x0000000002a80000)]
  0x000000001e3ba000 JavaThread "GC Daemon" daemon [_thread_blocked, id=7908, stack(0x000000001f100000,0x000000001f200000)]
  0x000000001e434800 JavaThread "RMI Reaper" [_thread_blocked, id=6084, stack(0x000000001f000000,0x000000001f100000)]
  0x000000001e2d9000 JavaThread "Timer-0" daemon [_thread_blocked, id=8872, stack(0x000000001ee00000,0x000000001ef00000)]
  0x000000001e361800 JavaThread "RMI TCP Accept-17498" daemon [_thread_in_native, id=7272, stack(0x000000001ed00000,0x000000001ee00000)]
  0x000000001c39e000 JavaThread "Service Thread" daemon [_thread_blocked, id=2512, stack(0x000000001dfc0000,0x000000001e0c0000)]
=>0x000000001c399000 JavaThread "C1 CompilerThread2" daemon [_thread_in_native, id=6024, stack(0x000000001dac0000,0x000000001dbc0000)]
  0x000000001c393000 JavaThread "C2 CompilerThread1" daemon [_thread_in_native, id=8676, stack(0x000000001d9c0000,0x000000001dac0000)]
  0x000000001c346000 JavaThread "C2 CompilerThread0" daemon [_thread_in_native, id=7080, stack(0x000000001d8c0000,0x000000001d9c0000)]
  0x000000001c344800 JavaThread "Attach Listener" daemon [_thread_blocked, id=1204, stack(0x000000001d7c0000,0x000000001d8c0000)]
  0x000000001c343800 JavaThread "Signal Dispatcher" daemon [_thread_blocked, id=8488, stack(0x000000001d6c0000,0x000000001d7c0000)]
  0x0000000002c6c000 JavaThread "Finalizer" daemon [_thread_blocked, id=6788, stack(0x000000001d590000,0x000000001d690000)]
  0x0000000002c62000 JavaThread "Reference Handler" daemon [_thread_blocked, id=6816, stack(0x000000001d490000,0x000000001d590000)]

Other Threads:
  0x000000001c305800 VMThread [stack: 0x000000001d390000,0x000000001d490000] [id=7408]
  0x000000001dc3f000 WatcherThread [stack: 0x000000001e0c0000,0x000000001e1c0000] [id=7432]

VM state:not at safepoint (normal execution)

VM Mutex/Monitor currently owned by a thread: None

heap address: 0x00000006c0000000, size: 4096 MB, Compressed Oops mode: Zero based, Oop shift amount: 3
Narrow klass base: 0x0000000000000000, Narrow klass shift: 3
Compressed class space size: 1073741824 Address: 0x00000007c0000000

Heap:
 PSYoungGen      total 94720K, used 9566K [0x000000076ab00000, 0x0000000771600000, 0x00000007c0000000)
  eden space 81408K, 11% used [0x000000076ab00000,0x000000076b457868,0x000000076fa80000)
  from space 13312K, 0% used [0x0000000770800000,0x0000000770800000,0x0000000771500000)
  to   space 13824K, 0% used [0x000000076fa80000,0x000000076fa80000,0x0000000770800000)
 ParOldGen       total 59904K, used 16854K [0x00000006c0000000, 0x00000006c3a80000, 0x000000076ab00000)
  object space 59904K, 28% used [0x00000006c0000000,0x00000006c1075898,0x00000006c3a80000)
 Metaspace       used 36807K, capacity 37405K, committed 37928K, reserved 1083392K
  class space    used 4630K, capacity 4795K, committed 4912K, reserved 1048576K

Card table byte_map: [0x0000000012030000,0x0000000012840000] byte_map_base: 0x000000000ea30000

Marking Bits: (ParMarkBitMap*) 0x00000000752c9f30
 Begin Bits: [0x00000000131a0000, 0x00000000171a0000)
 End Bits:   [0x00000000171a0000, 0x000000001b1a0000)

Polling page: 0x00000000028f0000

CodeCache: size=245760Kb used=8683Kb max_used=8683Kb free=237076Kb
 bounds [0x0000000002c70000, 0x0000000003500000, 0x0000000011c70000]
 total_blobs=3180 nmethods=2695 adapters=399
 compilation: enabled

Compilation events (10 events):
Event: 14.495 Thread 0x000000001c399000 nmethod 2705 0x00000000034ec450 code [0x00000000034ec5a0, 0x00000000034ec6b0]
Event: 14.495 Thread 0x000000001c399000 2706       3       com.sun.tools.javac.parser.JavaTokenizer::scanLitChar (496 bytes)
Event: 14.498 Thread 0x000000001c399000 nmethod 2706 0x00000000034ec710 code [0x00000000034eca80, 0x00000000034ee9c8]
Event: 14.498 Thread 0x000000001c399000 2707       3       com.sun.tools.javac.util.IntHashTable::putAtIndex (93 bytes)
Event: 14.499 Thread 0x000000001c399000 nmethod 2707 0x00000000034ef4d0 code [0x00000000034ef660, 0x00000000034efae8]
Event: 14.499 Thread 0x000000001c399000 2708       3       com.sun.tools.javac.parser.JavacParser$SimpleEndPosTable::storeEnd (34 bytes)
Event: 14.500 Thread 0x000000001c399000 nmethod 2708 0x00000000034efd90 code [0x00000000034eff20, 0x00000000034f02a8]
Event: 14.506 Thread 0x000000001c399000 2709       3       com.sun.tools.javac.parser.Tokens$Token::<init> (30 bytes)
Event: 14.507 Thread 0x000000001c399000 nmethod 2709 0x00000000034f0490 code [0x00000000034f0600, 0x00000000034f08a8]
Event: 14.507 Thread 0x000000001c399000 2712   !   3       com.sun.tools.javac.parser.JavaTokenizer::readToken (2243 bytes)

GC Heap History (10 events):
Event: 8.807 GC heap before
{Heap before GC invocations=7 (full 2):
 PSYoungGen      total 34304K, used 2556K [0x000000076ab00000, 0x000000076ee00000, 0x00000007c0000000)
  eden space 31744K, 0% used [0x000000076ab00000,0x000000076ab00000,0x000000076ca00000)
  from space 2560K, 99% used [0x000000076ca00000,0x000000076cc7f280,0x000000076cc80000)
  to   space 2560K, 0% used [0x000000076eb80000,0x000000076eb80000,0x000000076ee00000)
 ParOldGen       total 42496K, used 13777K [0x00000006c0000000, 0x00000006c2980000, 0x000000076ab00000)
  object space 42496K, 32% used [0x00000006c0000000,0x00000006c0d74430,0x00000006c2980000)
 Metaspace       used 20896K, capacity 21202K, committed 21296K, reserved 1069056K
  class space    used 2503K, capacity 2607K, committed 2608K, reserved 1048576K
Event: 8.881 GC heap after
Heap after GC invocations=7 (full 2):
 PSYoungGen      total 34304K, used 0K [0x000000076ab00000, 0x000000076ee00000, 0x00000007c0000000)
  eden space 31744K, 0% used [0x000000076ab00000,0x000000076ab00000,0x000000076ca00000)
  from space 2560K, 0% used [0x000000076ca00000,0x000000076ca00000,0x000000076cc80000)
  to   space 2560K, 0% used [0x000000076eb80000,0x000000076eb80000,0x000000076ee00000)
 ParOldGen       total 38400K, used 10986K [0x00000006c0000000, 0x00000006c2580000, 0x000000076ab00000)
  object space 38400K, 28% used [0x00000006c0000000,0x00000006c0ababd8,0x00000006c2580000)
 Metaspace       used 20896K, capacity 21202K, committed 21296K, reserved 1069056K
  class space    used 2503K, capacity 2607K, committed 2608K, reserved 1048576K
}
Event: 10.773 GC heap before
{Heap before GC invocations=8 (full 2):
 PSYoungGen      total 34304K, used 31744K [0x000000076ab00000, 0x000000076ee00000, 0x00000007c0000000)
  eden space 31744K, 100% used [0x000000076ab00000,0x000000076ca00000,0x000000076ca00000)
  from space 2560K, 0% used [0x000000076ca00000,0x000000076ca00000,0x000000076cc80000)
  to   space 2560K, 0% used [0x000000076eb80000,0x000000076eb80000,0x000000076ee00000)
 ParOldGen       total 38400K, used 10986K [0x00000006c0000000, 0x00000006c2580000, 0x000000076ab00000)
  object space 38400K, 28% used [0x00000006c0000000,0x00000006c0ababd8,0x00000006c2580000)
 Metaspace       used 24559K, capacity 24962K, committed 25264K, reserved 1071104K
  class space    used 3107K, capacity 3233K, committed 3248K, reserved 1048576K
Event: 10.790 GC heap after
Heap after GC invocations=8 (full 2):
 PSYoungGen      total 53248K, used 2546K [0x000000076ab00000, 0x000000076ee00000, 0x00000007c0000000)
  eden space 50688K, 0% used [0x000000076ab00000,0x000000076ab00000,0x000000076dc80000)
  from space 2560K, 99% used [0x000000076eb80000,0x000000076edfcb28,0x000000076ee00000)
  to   space 8704K, 0% used [0x000000076dd00000,0x000000076dd00000,0x000000076e580000)
 ParOldGen       total 38400K, used 15112K [0x00000006c0000000, 0x00000006c2580000, 0x000000076ab00000)
  object space 38400K, 39% used [0x00000006c0000000,0x00000006c0ec2308,0x00000006c2580000)
 Metaspace       used 24559K, capacity 24962K, committed 25264K, reserved 1071104K
  class space    used 3107K, capacity 3233K, committed 3248K, reserved 1048576K
}
Event: 12.053 GC heap before
{Heap before GC invocations=9 (full 2):
 PSYoungGen      total 53248K, used 53234K [0x000000076ab00000, 0x000000076ee00000, 0x00000007c0000000)
  eden space 50688K, 100% used [0x000000076ab00000,0x000000076dc80000,0x000000076dc80000)
  from space 2560K, 99% used [0x000000076eb80000,0x000000076edfcb28,0x000000076ee00000)
  to   space 8704K, 0% used [0x000000076dd00000,0x000000076dd00000,0x000000076e580000)
 ParOldGen       total 38400K, used 15112K [0x00000006c0000000, 0x00000006c2580000, 0x000000076ab00000)
  object space 38400K, 39% used [0x00000006c0000000,0x00000006c0ec2308,0x00000006c2580000)
 Metaspace       used 32051K, capacity 32529K, committed 32944K, reserved 1077248K
  class space    used 4024K, capacity 4169K, committed 4272K, reserved 1048576K
Event: 12.077 GC heap after
Heap after GC invocations=9 (full 2):
 PSYoungGen      total 59904K, used 8680K [0x000000076ab00000, 0x0000000771500000, 0x00000007c0000000)
  eden space 51200K, 0% used [0x000000076ab00000,0x000000076ab00000,0x000000076dd00000)
  from space 8704K, 99% used [0x000000076dd00000,0x000000076e57a018,0x000000076e580000)
  to   space 13312K, 0% used [0x0000000770800000,0x0000000770800000,0x0000000771500000)
 ParOldGen       total 38400K, used 22320K [0x00000006c0000000, 0x00000006c2580000, 0x000000076ab00000)
  object space 38400K, 58% used [0x00000006c0000000,0x00000006c15cc2f0,0x00000006c2580000)
 Metaspace       used 32051K, capacity 32529K, committed 32944K, reserved 1077248K
  class space    used 4024K, capacity 4169K, committed 4272K, reserved 1048576K
}
Event: 13.677 GC heap before
{Heap before GC invocations=10 (full 2):
 PSYoungGen      total 59904K, used 22257K [0x000000076ab00000, 0x0000000771500000, 0x00000007c0000000)
  eden space 51200K, 26% used [0x000000076ab00000,0x000000076b842618,0x000000076dd00000)
  from space 8704K, 99% used [0x000000076dd00000,0x000000076e57a018,0x000000076e580000)
  to   space 13312K, 0% used [0x0000000770800000,0x0000000770800000,0x0000000771500000)
 ParOldGen       total 38400K, used 22320K [0x00000006c0000000, 0x00000006c2580000, 0x000000076ab00000)
  object space 38400K, 58% used [0x00000006c0000000,0x00000006c15cc2f0,0x00000006c2580000)
 Metaspace       used 34696K, capacity 35197K, committed 35496K, reserved 1081344K
  class space    used 4370K, capacity 4507K, committed 4528K, reserved 1048576K
Event: 13.695 GC heap after
Heap after GC invocations=10 (full 2):
 PSYoungGen      total 94720K, used 9730K [0x000000076ab00000, 0x0000000771600000, 0x00000007c0000000)
  eden space 81408K, 0% used [0x000000076ab00000,0x000000076ab00000,0x000000076fa80000)
  from space 13312K, 73% used [0x0000000770800000,0x0000000771180ba8,0x0000000771500000)
  to   space 13824K, 0% used [0x000000076fa80000,0x000000076fa80000,0x0000000770800000)
 ParOldGen       total 38400K, used 22328K [0x00000006c0000000, 0x00000006c2580000, 0x000000076ab00000)
  object space 38400K, 58% used [0x00000006c0000000,0x00000006c15ce2f0,0x00000006c2580000)
 Metaspace       used 34696K, capacity 35197K, committed 35496K, reserved 1081344K
  class space    used 4370K, capacity 4507K, committed 4528K, reserved 1048576K
}
Event: 13.695 GC heap before
{Heap before GC invocations=11 (full 3):
 PSYoungGen      total 94720K, used 9730K [0x000000076ab00000, 0x0000000771600000, 0x00000007c0000000)
  eden space 81408K, 0% used [0x000000076ab00000,0x000000076ab00000,0x000000076fa80000)
  from space 13312K, 73% used [0x0000000770800000,0x0000000771180ba8,0x0000000771500000)
  to   space 13824K, 0% used [0x000000076fa80000,0x000000076fa80000,0x0000000770800000)
 ParOldGen       total 38400K, used 22328K [0x00000006c0000000, 0x00000006c2580000, 0x000000076ab00000)
  object space 38400K, 58% used [0x00000006c0000000,0x00000006c15ce2f0,0x00000006c2580000)
 Metaspace       used 34696K, capacity 35197K, committed 35496K, reserved 1081344K
  class space    used 4370K, capacity 4507K, committed 4528K, reserved 1048576K
Event: 13.848 GC heap after
Heap after GC invocations=11 (full 3):
 PSYoungGen      total 94720K, used 0K [0x000000076ab00000, 0x0000000771600000, 0x00000007c0000000)
  eden space 81408K, 0% used [0x000000076ab00000,0x000000076ab00000,0x000000076fa80000)
  from space 13312K, 0% used [0x0000000770800000,0x0000000770800000,0x0000000771500000)
  to   space 13824K, 0% used [0x000000076fa80000,0x000000076fa80000,0x0000000770800000)
 ParOldGen       total 59904K, used 16854K [0x00000006c0000000, 0x00000006c3a80000, 0x000000076ab00000)
  object space 59904K, 28% used [0x00000006c0000000,0x00000006c1075898,0x00000006c3a80000)
 Metaspace       used 34696K, capacity 35197K, committed 35496K, reserved 1081344K
  class space    used 4370K, capacity 4507K, committed 4528K, reserved 1048576K
}

Deoptimization events (10 events):
Event: 11.528 Thread 0x000000001e449000 Uncommon trap: reason=class_check action=maybe_recompile pc=0x00000000031f0748 method=org.jetbrains.kotlin.gnu.trove.TObjectHash.equals(Ljava/lang/Object;Ljava/lang/Object;)Z @ 6
Event: 11.528 Thread 0x000000001e449000 Uncommon trap: reason=class_check action=maybe_recompile pc=0x00000000031f0748 method=org.jetbrains.kotlin.gnu.trove.TObjectHash.equals(Ljava/lang/Object;Ljava/lang/Object;)Z @ 6
Event: 11.569 Thread 0x000000001e449000 Uncommon trap: reason=unstable_if action=reinterpret pc=0x000000000331a890 method=java.lang.reflect.Method.equals(Ljava/lang/Object;)Z @ 49
Event: 12.234 Thread 0x000000001e449000 Uncommon trap: reason=class_check action=maybe_recompile pc=0x00000000031f0748 method=org.jetbrains.kotlin.gnu.trove.TObjectHash.equals(Ljava/lang/Object;Ljava/lang/Object;)Z @ 6
Event: 12.302 Thread 0x000000001e449000 Uncommon trap: reason=unstable_if action=reinterpret pc=0x000000000311ec34 method=java.util.regex.Pattern$CharProperty.match(Ljava/util/regex/Matcher;ILjava/lang/CharSequence;)Z @ 5
Event: 12.438 Thread 0x000000001e449000 Uncommon trap: reason=class_check action=maybe_recompile pc=0x000000000318fe34 method=java.lang.ClassLoader.loadClass(Ljava/lang/String;Z)Ljava/lang/Class; @ 38
Event: 12.442 Thread 0x000000001e449000 Uncommon trap: reason=class_check action=maybe_recompile pc=0x000000000318fe34 method=java.lang.ClassLoader.loadClass(Ljava/lang/String;Z)Ljava/lang/Class; @ 38
Event: 12.445 Thread 0x000000001e449000 Uncommon trap: reason=class_check action=maybe_recompile pc=0x000000000318fe34 method=java.lang.ClassLoader.loadClass(Ljava/lang/String;Z)Ljava/lang/Class; @ 38
Event: 12.449 Thread 0x000000001e449000 Uncommon trap: reason=class_check action=maybe_recompile pc=0x000000000318fe34 method=java.lang.ClassLoader.loadClass(Ljava/lang/String;Z)Ljava/lang/Class; @ 38
Event: 13.427 Thread 0x000000001e449000 Uncommon trap: reason=predicate action=maybe_recompile pc=0x0000000003211244 method=sun.misc.Resource.getBytes()[B @ 53

Classes redefined (0 events):
No events

Internal exceptions (10 events):
Event: 7.106 Thread 0x000000001e449000 Exception <a 'java/lang/NoSuchMethodError': <clinit>> (0x000000076ad79da8) thrown at [D:\src\AOSP-openjdk-cygwin\jdk8u\hotspot\src\share\vm\prims\jni.cpp, line 1614]
Event: 7.120 Thread 0x000000001e449000 Exception <a 'java/lang/NoSuchMethodError': <clinit>> (0x000000076ada5190) thrown at [D:\src\AOSP-openjdk-cygwin\jdk8u\hotspot\src\share\vm\prims\jni.cpp, line 1614]
Event: 7.175 Thread 0x000000001e449000 Exception <a 'java/lang/NoSuchMethodError': <clinit>> (0x000000076ae6ce80) thrown at [D:\src\AOSP-openjdk-cygwin\jdk8u\hotspot\src\share\vm\prims\jni.cpp, line 1614]
Event: 7.180 Thread 0x000000001e3eb800 Exception <a 'java/lang/InterruptedException'> (0x000000076ae9b7c0) thrown at [D:\src\AOSP-openjdk-cygwin\jdk8u\hotspot\src\share\vm\runtime\objectMonitor.cpp, line 1680]
Event: 7.704 Thread 0x000000001e449000 Exception <a 'java/lang/ArrayIndexOutOfBoundsException'> (0x000000076b3ec058) thrown at [D:\src\AOSP-openjdk-cygwin\jdk8u\hotspot\src\share\vm\runtime\sharedRuntime.cpp, line 605]
Event: 7.887 Thread 0x000000001e449000 Exception <a 'java/lang/ArrayIndexOutOfBoundsException'> (0x000000076ba12768) thrown at [D:\src\AOSP-openjdk-cygwin\jdk8u\hotspot\src\share\vm\runtime\sharedRuntime.cpp, line 605]
Event: 8.606 Thread 0x000000001e449000 Exception <a 'java/lang/NoSuchMethodError': java.lang.Object.lambda$comparing$77a9974f$1(Ljava/util/function/Function;Ljava/lang/Object;Ljava/lang/Object;)I> (0x000000076b318880) thrown at [D:\src\AOSP-openjdk-cygwin\jdk8u\hotspot\src\share\vm\interpreter
Event: 8.763 Thread 0x000000001e449000 Exception <a 'java/lang/ArrayIndexOutOfBoundsException': 67> (0x000000076b86c5d8) thrown at [D:\src\AOSP-openjdk-cygwin\jdk8u\hotspot\src\share\vm\interpreter\interpreterRuntime.cpp, line 368]
Event: 9.068 Thread 0x000000001e449000 Exception <a 'java/lang/NoSuchMethodError': java.lang.Object.lambda$static$0(I)[Lorg/jetbrains/kotlin/com/intellij/openapi/editor/event/DocumentListener;> (0x000000076b1eb870) thrown at [D:\src\AOSP-openjdk-cygwin\jdk8u\hotspot\src\share\vm\interpreter\li
Event: 9.109 Thread 0x000000001e449000 Exception <a 'java/lang/NoSuchMethodError': java.lang.Object.lambda$static$0(I)[Lorg/jetbrains/kotlin/com/intellij/psi/PsiAnnotation;> (0x000000076b3f3768) thrown at [D:\src\AOSP-openjdk-cygwin\jdk8u\hotspot\src\share\vm\interpreter\linkResolver.cpp, line

Events (10 events):
Event: 14.474 loading class com/sun/tools/javac/parser/JavaTokenizer$BasicComment
Event: 14.474 loading class com/sun/tools/javac/parser/JavaTokenizer$BasicComment done
Event: 14.474 loading class com/sun/tools/javac/parser/JavadocTokenizer$DocReader
Event: 14.474 loading class com/sun/tools/javac/parser/JavadocTokenizer$DocReader done
Event: 14.475 loading class java/lang/StringIndexOutOfBoundsException
Event: 14.475 loading class java/lang/StringIndexOutOfBoundsException done
Event: 14.479 loading class com/sun/tools/javac/parser/LazyDocCommentTable$Entry
Event: 14.479 loading class com/sun/tools/javac/parser/LazyDocCommentTable$Entry done
Event: 14.490 loading class com/sun/tools/javac/tree/TreeInfo$2
Event: 14.490 loading class com/sun/tools/javac/tree/TreeInfo$2 done


Dynamic libraries:
0x00007ff6f5ae0000 - 0x00007ff6f5b11000 	C:\Program Files\Android\Android Studio\jre\jre\bin\java.exe
0x00007ffa82940000 - 0x00007ffa82b02000 	C:\Windows\SYSTEM32\ntdll.dll
0x00007ffa82360000 - 0x00007ffa8240d000 	C:\Windows\system32\KERNEL32.DLL
0x00007ffa7f4c0000 - 0x00007ffa7f69d000 	C:\Windows\system32\KERNELBASE.dll
0x00007ffa80330000 - 0x00007ffa803d6000 	C:\Windows\system32\ADVAPI32.dll
0x00007ffa826c0000 - 0x00007ffa8275d000 	C:\Windows\system32\msvcrt.dll
0x00007ffa80570000 - 0x00007ffa805cb000 	C:\Windows\system32\sechost.dll
0x00007ffa801a0000 - 0x00007ffa802c6000 	C:\Windows\system32\RPCRT4.dll
0x00007ffa80a70000 - 0x00007ffa80bbe000 	C:\Windows\system32\USER32.dll
0x00007ffa803e0000 - 0x00007ffa80565000 	C:\Windows\system32\GDI32.dll
0x00007ffa78380000 - 0x00007ffa785f4000 	C:\Windows\WinSxS\amd64_microsoft.windows.common-controls_6595b64144ccf1df_6.0.10240.16384_none_f41f7b285750ef43\COMCTL32.dll
0x00007ffa80160000 - 0x00007ffa80196000 	C:\Windows\system32\IMM32.DLL
0x00007ffa805d0000 - 0x00007ffa8072c000 	C:\Windows\system32\MSCTF.dll
0x0000000074a20000 - 0x0000000074af2000 	C:\Program Files\Android\Android Studio\jre\jre\bin\msvcr100.dll
0x0000000074b00000 - 0x0000000075346000 	C:\Program Files\Android\Android Studio\jre\jre\bin\server\jvm.dll
0x00007ffa82410000 - 0x00007ffa82418000 	C:\Windows\system32\PSAPI.DLL
0x00007ffa77dd0000 - 0x00007ffa77dd9000 	C:\Windows\SYSTEM32\WSOCK32.dll
0x00007ffa78880000 - 0x00007ffa7888a000 	C:\Windows\SYSTEM32\VERSION.dll
0x00007ffa78020000 - 0x00007ffa78043000 	C:\Windows\SYSTEM32\WINMM.dll
0x00007ffa80a00000 - 0x00007ffa80a69000 	C:\Windows\system32\WS2_32.dll
0x00007ffa807e0000 - 0x00007ffa807e8000 	C:\Windows\system32\NSI.dll
0x00000000028a0000 - 0x00000000028cc000 	C:\Windows\SYSTEM32\WINMMBASE.dll
0x00007ffa7f6a0000 - 0x00007ffa7f6e4000 	C:\Windows\system32\cfgmgr32.dll
0x00007ffa7dce0000 - 0x00007ffa7dd07000 	C:\Windows\SYSTEM32\DEVOBJ.dll
0x00007ffa7daa0000 - 0x00007ffa7daaf000 	C:\Program Files\Android\Android Studio\jre\jre\bin\verify.dll
0x00007ffa7d880000 - 0x00007ffa7d8a9000 	C:\Program Files\Android\Android Studio\jre\jre\bin\java.dll
0x00007ffa7d910000 - 0x00007ffa7d926000 	C:\Program Files\Android\Android Studio\jre\jre\bin\zip.dll
0x00007ffa80d70000 - 0x00007ffa82295000 	C:\Windows\system32\SHELL32.dll
0x00007ffa7f7b0000 - 0x00007ffa7fdd8000 	C:\Windows\system32\windows.storage.dll
0x00007ffa82440000 - 0x00007ffa826bc000 	C:\Windows\system32\combase.dll
0x00007ffa80d10000 - 0x00007ffa80d61000 	C:\Windows\system32\shlwapi.dll
0x00007ffa7f390000 - 0x00007ffa7f39f000 	C:\Windows\system32\kernel.appcore.dll
0x00007ffa7f6f0000 - 0x00007ffa7f7a3000 	C:\Windows\system32\shcore.dll
0x00007ffa7f3c0000 - 0x00007ffa7f40a000 	C:\Windows\system32\powrprof.dll
0x00007ffa7f3a0000 - 0x00007ffa7f3b3000 	C:\Windows\system32\profapi.dll
0x00007ffa7d850000 - 0x00007ffa7d85d000 	C:\Program Files\Android\Android Studio\jre\jre\bin\management.dll
0x00007ffa7d860000 - 0x00007ffa7d87a000 	C:\Program Files\Android\Android Studio\jre\jre\bin\net.dll
0x00007ffa7ebe0000 - 0x00007ffa7ec3d000 	C:\Windows\system32\mswsock.dll
0x00007ffa7d7c0000 - 0x00007ffa7d7d1000 	C:\Program Files\Android\Android Studio\jre\jre\bin\nio.dll
0x00007ffa7ec40000 - 0x00007ffa7ec57000 	C:\Windows\SYSTEM32\CRYPTSP.dll
0x00007ffa7eeb0000 - 0x00007ffa7eed8000 	C:\Windows\SYSTEM32\bcrypt.dll
0x00007ffa7e890000 - 0x00007ffa7e8c3000 	C:\Windows\system32\rsaenh.dll
0x00007ffa7e980000 - 0x00007ffa7e99f000 	C:\Windows\SYSTEM32\USERENV.dll
0x00007ffa7f1c0000 - 0x00007ffa7f22b000 	C:\Windows\system32\bcryptprimitives.dll
0x00007ffa7edb0000 - 0x00007ffa7edbb000 	C:\Windows\SYSTEM32\CRYPTBASE.dll
0x00007ffa799a0000 - 0x00007ffa799d8000 	C:\Windows\SYSTEM32\IPHLPAPI.DLL
0x00007ffa79d70000 - 0x00007ffa79d7b000 	C:\Windows\SYSTEM32\WINNSI.DLL
0x00007ffa79280000 - 0x00007ffa79296000 	C:\Windows\SYSTEM32\dhcpcsvc6.DLL
0x00007ffa79660000 - 0x00007ffa7967a000 	C:\Windows\SYSTEM32\dhcpcsvc.DLL

VM Arguments:
jvm_args: -Djava.awt.headless=true -Djava.rmi.server.hostname=127.0.0.1 -Xmx4096m -Dkotlin.environment.keepalive 
java_command: org.jetbrains.kotlin.daemon.KotlinCompileDaemon --daemon-runFilesPath C:\Users\hp\AppData\Local\kotlin\daemon --daemon-autoshutdownIdleSeconds=7200 --daemon-compilerClasspath C:\Users\hp\.gradle\caches\modules-2\files-2.1\org.jetbrains.kotlin\kotlin-compiler-embeddable\1.3.0\6e8167f9aab0f6cfec309c2722f72dc26572a782\kotlin-compiler-embeddable-1.3.0.jar;C:\Users\hp\.gradle\caches\modules-2\files-2.1\org.jetbrains.kotlin\kotlin-reflect\1.3.0\6fd129fd9ba8581f2cb9c58bfd431dda4ee0457e\kotlin-reflect-1.3.0.jar;C:\Users\hp\.gradle\caches\modules-2\files-2.1\org.jetbrains.kotlin\kotlin-stdlib\1.3.0\a134b0cfe9bb44f98b0b3e889cda07923eea9428\kotlin-stdlib-1.3.0.jar;C:\Users\hp\.gradle\caches\modules-2\files-2.1\org.jetbrains.kotlin\kotlin-script-runtime\1.3.0\c7173ea6208fa189fb56d679624fbc5e2026187f\kotlin-script-runtime-1.3.0.jar;C:\Users\hp\.gradle\caches\modules-2\files-2.1\org.jetbrains.kotlin\kotlin-stdlib-common\1.3.0\84a2e0288dc17cd64d692eb1e5e0de8cd5ff0846\kotlin-stdlib-common-1.3.0.jar;C:\Users\hp\.gradle\caches\modules-2\files-2.1\org.jetbrains\annotations\13.0\919f0dfe192fb4e063e7dacadee7f8bb9a2672a9\annotations-13.0.jar;C:\Program Files\Android\Android Studio\jre\lib\tools.jar
java_class_path (initial): C:\Users\hp\.gradle\caches\modules-2\files-2.1\org.jetbrains.kotlin\kotlin-compiler-embeddable\1.3.0\6e8167f9aab0f6cfec309c2722f72dc26572a782\kotlin-compiler-embeddable-1.3.0.jar;C:\Users\hp\.gradle\caches\modules-2\files-2.1\org.jetbrains.kotlin\kotlin-reflect\1.3.0\6fd129fd9ba8581f2cb9c58bfd431dda4ee0457e\kotlin-reflect-1.3.0.jar;C:\Users\hp\.gradle\caches\modules-2\files-2.1\org.jetbrains.kotlin\kotlin-stdlib\1.3.0\a134b0cfe9bb44f98b0b3e889cda07923eea9428\kotlin-stdlib-1.3.0.jar;C:\Users\hp\.gradle\caches\modules-2\files-2.1\org.jetbrains.kotlin\kotlin-script-runtime\1.3.0\c7173ea6208fa189fb56d679624fbc5e2026187f\kotlin-script-runtime-1.3.0.jar;C:\Users\hp\.gradle\caches\modules-2\files-2.1\org.jetbrains.kotlin\kotlin-stdlib-common\1.3.0\84a2e0288dc17cd64d692eb1e5e0de8cd5ff0846\kotlin-stdlib-common-1.3.0.jar;C:\Users\hp\.gradle\caches\modules-2\files-2.1\org.jetbrains\annotations\13.0\919f0dfe192fb4e063e7dacadee7f8bb9a2672a9\annotations-13.0.jar;C:\Program Files\Android\Android Studio\jre\lib\tools.jar
Launcher Type: SUN_STANDARD

Environment Variables:
PATH=C:\Windows\system32;C:\Windows;C:\Windows\System32\Wbem;C:\Windows\System32\WindowsPowerShell\v1.0\;C:\Program Files\Git\cmd
USERNAME=hp
OS=Windows_NT
PROCESSOR_IDENTIFIER=Intel64 Family 6 Model 37 Stepping 5, GenuineIntel



---------------  S Y S T E M  ---------------

OS: Windows 10.0 , 64 bit Build 10240 (10.0.10240.16384)

CPU:total 4 (initial active 4) (2 cores per cpu, 2 threads per core) family 6 model 37 stepping 5, cmov, cx8, fxsr, mmx, sse, sse2, sse3, ssse3, sse4.1, sse4.2, popcnt, ht, tsc, tscinvbit

Memory: 4k page, physical 3987308k(208648k free), swap 12243176k(4116k free)

vm_info: OpenJDK 64-Bit Server VM (25.202-b03) for windows-amd64 JRE (1.8.0_202-release-1483-b03), built by "builder" with MS VC++ 10.0 (VS2010)

time: Tue Feb 04 01:49:27 2020
timezone: Arab Standard Time
elapsed time: 14 seconds (0d 0h 0m 14s)

