JvmtiExport can_access_local_variables 0
JvmtiExport can_hotswap_or_post_breakpoint 0
JvmtiExport can_post_on_exceptions 0
# 333 ciObject found
ciMethod java/lang/Object <init> ()V 4097 1 969593 0 0
ciMethod java/lang/Object getClass ()Ljava/lang/Class; 2049 1 256 0 -1
ciMethod java/lang/Object hashCode ()I 2049 1 256 0 -1
ciMethod java/lang/Object equals (Ljava/lang/Object;)Z 2073 1 5666 0 -1
ciMethod java/util/List size ()I 0 0 1 0 -1
ciMethod java/util/List get (I)Ljava/lang/Object; 0 0 1 0 -1
ciMethod java/util/ArrayList calculateCapacity ([Ljava/lang/Object;I)I 385 1 16098 0 0
ciMethod java/util/ArrayList ensureCapacityInternal (I)V 385 1 16098 0 544
ciMethod java/util/ArrayList ensureExplicitCapacity (I)V 385 1 16071 0 544
ciMethod java/util/ArrayList grow (I)V 65 1 4531 0 0
ciMethod java/util/ArrayList hugeCapacity (I)I 0 0 1 0 -1
ciMethod java/util/ArrayList size ()I 1113 1 139 0 0
ciMethod java/util/ArrayList elementData (I)Ljava/lang/Object; 2113 1 8277 0 0
ciMethod java/util/ArrayList get (I)Ljava/lang/Object; 2113 1 6778 0 128
ciMethod java/util/ArrayList add (Ljava/lang/Object;)Z 385 1 10808 0 736
ciMethod java/util/ArrayList rangeCheck (I)V 2113 1 7840 0 64
ciMethod java/util/Set add (Ljava/lang/Object;)Z 0 0 1 0 -1
ciMethod java/util/HashMap put (Ljava/lang/Object;Ljava/lang/Object;)Ljava/lang/Object; 20705 1 8860 0 -1
ciMethod java/lang/Math max (II)I 289 1 18321 0 -1
ciMethod java/util/Arrays copyOf ([Ljava/lang/Object;I)[Ljava/lang/Object; 4097 1 6778 0 384
ciMethod java/util/Arrays copyOf ([Ljava/lang/Object;ILjava/lang/Class;)[Ljava/lang/Object; 2057 1 5516 0 -1
ciMethod java/util/Arrays copyOf ([II)[I 1233 1 259 0 -1
ciMethodData java/lang/Object <init> ()V 2 969593 orig 264 8 206 10 117 0 0 0 0 128 4 233 19 0 0 0 0 32 1 0 0 0 0 0 0 0 0 0 0 0 0 0 0 0 0 0 0 0 0 0 0 0 0 0 0 0 0 0 0 0 0 0 0 0 0 0 0 0 0 0 0 0 0 0 0 0 0 0 0 0 0 0 0 0 0 0 0 0 0 0 0 77 68 79 32 101 120 116 114 97 32 100 97 116 97 32 108 111 99 107 0 0 0 0 0 0 0 0 0 0 0 0 0 0 0 0 0 0 0 0 0 0 0 0 0 0 0 0 0 0 0 0 0 0 0 0 0 0 0 0 0 0 0 0 0 0 0 0 0 0 0 0 0 0 0 0 0 0 0 0 0 0 0 0 0 0 0 0 0 0 0 0 0 0 0 0 0 0 0 0 0 0 0 0 0 1 0 0 0 0 0 0 0 1 0 0 0 0 0 0 0 1 0 0 0 0 0 0 0 0 0 0 0 0 0 0 0 0 2 0 0 201 75 118 0 1 0 0 0 0 0 0 0 0 0 0 0 2 0 0 0 0 0 3 0 1 0 0 0 0 0 0 0 255 255 255 255 0 0 0 0 0 0 0 0 data 0 oops 0
ciMethod java/util/HashSet add (Ljava/lang/Object;)Z 2081 1 5663 0 3328
ciMethodData java/util/ArrayList add (Ljava/lang/Object;)Z 2 10808 orig 264 8 206 10 117 0 0 0 0 136 27 246 19 0 0 0 0 144 1 0 0 0 0 0 0 0 0 0 0 0 0 0 0 0 0 0 0 0 0 0 0 0 0 0 0 0 0 0 0 0 0 0 0 0 0 0 0 0 0 0 0 0 0 0 0 0 0 0 0 0 0 0 0 0 0 0 0 0 0 0 0 77 68 79 32 101 120 116 114 97 32 100 97 116 97 32 108 111 99 107 0 0 0 0 0 0 0 0 0 0 0 0 0 0 0 0 0 0 0 0 0 0 0 0 0 0 0 0 0 0 0 0 0 0 0 0 0 0 0 0 0 0 0 0 0 0 0 0 0 0 0 0 0 0 0 0 0 0 0 0 0 0 0 0 0 0 0 0 0 0 0 0 0 0 0 0 0 0 0 0 0 0 0 0 0 17 0 0 0 0 0 0 0 0 0 0 0 0 0 0 0 1 0 0 0 0 0 0 0 0 0 0 0 0 0 0 0 48 0 0 0 65 80 1 0 1 0 0 0 0 0 0 0 0 0 0 0 2 0 0 0 0 0 15 0 2 0 0 0 64 0 0 0 255 255 255 255 2 0 7 0 0 0 0 0 data 8 0x70002 0x2a08 0x1a0004 0x0 0x16265060 0xb 0x16265110 0x2 oops 2 4 sun/misc/URLClassPath$JarLoader 6 java/io/FilePermission
ciMethodData java/util/ArrayList ensureCapacityInternal (I)V 2 16098 orig 264 8 206 10 117 0 0 0 0 0 17 246 19 0 0 0 0 112 1 0 0 0 0 0 0 0 0 0 0 0 0 0 0 0 0 0 0 0 0 0 0 0 0 0 0 0 0 0 0 0 0 0 0 0 0 0 0 0 0 0 0 0 0 0 0 0 0 0 0 0 0 0 0 0 0 0 0 0 0 0 0 77 68 79 32 101 120 116 114 97 32 100 97 116 97 32 108 111 99 107 0 0 0 0 0 0 0 0 0 0 0 0 0 0 0 0 0 0 0 0 0 0 0 0 0 0 0 0 0 0 0 0 0 0 0 0 0 0 0 0 0 0 0 0 0 0 0 0 0 0 0 0 0 0 0 0 0 0 0 0 0 0 0 0 0 0 0 0 0 0 0 0 0 0 0 0 0 0 0 0 0 0 0 0 0 17 0 0 0 0 0 0 0 0 0 0 0 0 0 0 0 1 0 0 0 0 0 0 0 0 0 0 0 0 0 0 0 48 0 0 0 145 245 1 0 1 0 0 0 0 0 0 0 0 0 0 0 2 0 0 0 0 0 14 0 2 0 0 0 32 0 0 0 255 255 255 255 2 0 6 0 0 0 0 0 data 4 0x60002 0x3eb2 0x90002 0x3eb2 oops 0
ciMethodData java/util/ArrayList calculateCapacity ([Ljava/lang/Object;I)I 2 16098 orig 264 8 206 10 117 0 0 0 0 96 16 246 19 0 0 0 0 128 1 0 0 0 0 0 0 0 0 0 0 0 0 0 0 0 0 0 0 0 0 0 0 0 0 0 0 0 0 0 0 0 0 0 0 0 0 0 0 0 0 0 0 0 0 0 0 0 0 0 0 0 0 0 0 0 0 0 0 0 0 0 0 77 68 79 32 101 120 116 114 97 32 100 97 116 97 32 108 111 99 107 0 0 0 0 0 0 0 0 0 0 0 0 0 0 0 0 0 0 0 0 0 0 0 0 0 0 0 0 0 0 0 0 0 0 0 0 0 0 0 0 0 0 0 0 0 0 0 0 0 0 0 0 0 0 0 0 0 0 0 0 0 0 0 0 0 0 0 0 0 0 0 0 0 0 0 0 0 0 0 0 0 0 0 0 0 0 0 0 0 0 0 0 0 0 0 0 0 0 0 0 0 0 0 0 0 0 0 0 0 0 0 0 0 0 0 0 0 48 0 0 0 145 245 1 0 1 0 0 0 0 0 0 0 0 0 0 0 2 0 0 0 0 0 9 0 2 0 0 0 48 0 0 0 255 255 255 255 7 0 4 0 0 0 0 0 data 6 0x40007 0x2ea9 0x30 0x1009 0xa0002 0x1009 oops 0
ciMethodData java/util/ArrayList ensureExplicitCapacity (I)V 2 16071 orig 264 8 206 10 117 0 0 0 0 176 17 246 19 0 0 0 0 88 1 0 0 0 0 0 0 0 0 0 0 0 0 0 0 0 0 0 0 0 0 0 0 0 0 0 0 0 0 0 0 0 0 0 0 0 0 0 0 0 0 0 0 0 0 0 0 0 0 0 0 0 0 0 0 0 0 0 0 0 0 0 0 77 68 79 32 101 120 116 114 97 32 100 97 116 97 32 108 111 99 107 0 0 0 0 0 0 0 0 0 0 0 0 0 0 0 0 0 0 0 0 0 0 0 0 0 0 0 0 0 0 0 0 0 0 0 0 0 0 0 0 0 0 0 0 0 0 0 0 0 0 0 0 0 0 0 0 0 0 0 0 0 0 0 0 0 0 0 0 0 0 0 0 0 0 0 0 0 0 0 0 0 0 0 0 0 17 0 0 0 0 0 0 0 0 0 0 0 0 0 0 0 1 0 0 0 0 0 0 0 0 0 0 0 0 0 0 0 48 0 0 0 185 244 1 0 1 0 0 0 0 0 0 0 0 0 0 0 2 0 0 0 0 0 6 0 2 0 0 0 48 0 0 0 255 255 255 255 7 0 17 0 0 0 0 0 data 6 0x110007 0x2cec 0x30 0x11ab 0x160002 0x11ab oops 0
ciMethodData java/util/ArrayList grow (I)V 2 4531 orig 264 8 206 10 117 0 0 0 0 120 18 246 19 0 0 0 0 176 1 0 0 64 0 0 0 0 0 0 0 0 0 0 0 0 0 0 0 0 0 0 0 0 0 0 0 0 0 0 0 0 0 0 0 0 0 0 0 0 0 0 0 0 0 0 0 0 0 0 0 0 0 0 0 0 0 0 0 0 0 0 0 77 68 79 32 101 120 116 114 97 32 100 97 116 97 32 108 111 99 107 0 0 0 0 0 0 0 0 0 0 0 0 0 0 0 0 0 0 0 0 0 0 0 0 0 0 0 0 0 0 0 0 0 0 0 0 0 0 0 0 0 0 0 0 0 0 0 0 0 0 0 0 0 0 0 0 0 0 0 0 0 0 0 0 0 0 0 0 0 0 0 0 0 0 0 0 0 0 0 0 0 0 0 0 0 17 0 0 0 0 0 0 0 0 0 0 0 0 0 0 0 1 0 0 0 0 0 0 0 0 0 0 0 0 0 0 0 8 0 0 0 89 141 0 0 1 0 0 0 0 0 0 0 0 0 0 0 2 0 0 0 0 0 15 0 2 0 0 0 96 0 0 0 255 255 255 255 7 0 15 0 0 0 0 0 data 12 0xf0007 0x19d 0x20 0x100e 0x180007 0x11ab 0x30 0x0 0x1c0002 0x0 0x260002 0x11ab oops 0
ciMethodData java/util/ArrayList get (I)Ljava/lang/Object; 2 6778 orig 264 8 206 10 117 0 0 0 0 48 26 246 19 0 0 0 0 144 1 0 0 0 0 0 0 0 0 0 0 0 0 0 0 0 0 0 0 0 0 0 0 0 0 0 0 0 0 0 0 0 0 0 0 0 0 0 0 0 0 0 0 0 0 0 0 0 0 0 0 0 0 0 0 0 0 0 0 0 0 0 0 77 68 79 32 101 120 116 114 97 32 100 97 116 97 32 108 111 99 107 0 0 0 0 0 0 0 0 0 0 0 0 0 0 0 0 0 0 0 0 0 0 0 0 0 0 0 0 0 0 0 0 0 0 0 0 0 0 0 0 0 0 0 0 0 0 0 0 0 0 0 0 0 0 0 0 0 0 0 0 0 0 0 0 0 0 0 0 0 0 0 0 0 0 0 0 0 0 0 0 0 0 0 0 0 0 0 0 0 0 0 0 0 0 0 0 0 0 0 0 0 0 0 0 0 0 0 0 0 0 0 0 0 0 0 0 0 8 1 0 0 145 203 0 0 1 0 0 0 0 0 0 0 0 0 0 0 2 0 0 0 0 0 6 0 2 0 0 0 64 0 0 0 255 255 255 255 2 0 2 0 0 0 0 0 data 8 0x20002 0x1972 0x70005 0x0 0x18fd7ba0 0x1972 0x0 0x0 oops 1 4 java/util/ArrayList
ciMethodData java/util/ArrayList rangeCheck (I)V 2 7843 orig 264 8 206 10 117 0 0 0 0 16 35 246 19 0 0 0 0 104 1 0 0 0 0 0 0 0 0 0 0 0 0 0 0 0 0 0 0 0 0 0 0 0 0 0 0 0 0 0 0 0 0 0 0 0 0 0 0 0 0 0 0 0 0 0 0 0 0 0 0 0 0 0 0 0 0 0 0 0 0 0 0 77 68 79 32 101 120 116 114 97 32 100 97 116 97 32 108 111 99 107 0 0 0 0 0 0 0 0 0 0 0 0 0 0 0 0 0 0 0 0 0 0 0 0 0 0 0 0 0 0 0 0 0 0 0 0 0 0 0 0 0 0 0 0 0 0 0 0 0 0 0 0 0 0 0 0 0 0 0 0 0 0 0 0 0 0 0 0 0 0 0 0 0 0 0 0 0 0 0 0 0 0 0 0 0 25 0 0 0 0 0 0 0 0 0 0 0 0 0 0 0 1 0 0 0 0 0 0 0 0 0 0 0 0 0 0 0 8 1 0 0 217 236 0 0 1 0 0 0 0 0 0 0 0 0 0 0 2 0 0 0 0 0 5 0 2 0 0 0 64 0 0 0 255 255 255 255 7 0 5 0 0 0 0 0 data 8 0x50007 0x1d9b 0x40 0x0 0xe0002 0x0 0x110002 0x0 oops 0
ciMethodData java/util/ArrayList elementData (I)Ljava/lang/Object; 2 8280 orig 264 8 206 10 117 0 0 0 0 144 25 246 19 0 0 0 0 40 1 0 0 0 0 0 0 0 0 0 0 0 0 0 0 0 0 0 0 0 0 0 0 0 0 0 0 0 0 0 0 0 0 0 0 0 0 0 0 0 0 0 0 0 0 0 0 0 0 0 0 0 0 0 0 0 0 0 0 0 0 0 0 77 68 79 32 101 120 116 114 97 32 100 97 116 97 32 108 111 99 107 0 0 0 0 0 0 0 0 0 0 0 0 0 0 0 0 0 0 0 0 0 0 0 0 0 0 0 0 0 0 0 0 0 0 0 0 0 0 0 0 0 0 0 0 0 0 0 0 0 0 0 0 0 0 0 0 0 0 0 0 0 0 0 0 0 0 0 0 0 0 0 0 0 0 0 0 0 0 0 0 0 0 0 0 0 1 0 0 0 0 0 0 0 0 0 0 0 0 0 0 0 1 0 0 0 0 0 0 0 0 0 0 0 0 0 0 0 8 1 0 0 129 250 0 0 1 0 0 0 0 0 0 0 0 0 0 0 2 0 0 0 0 0 3 0 1 0 0 0 0 0 0 0 255 255 255 255 0 0 0 0 0 0 0 0 data 0 oops 0
ciMethod java/lang/IllegalStateException <init> (Ljava/lang/String;)V 0 0 1 0 -1
ciMethod java/lang/AssertionError <init> ()V 0 0 1 0 -1
ciMethodData java/util/HashSet add (Ljava/lang/Object;)Z 2 5663 orig 264 8 206 10 117 0 0 0 0 56 68 7 20 0 0 0 0 184 1 0 0 0 0 0 0 0 0 0 0 0 0 0 0 0 0 0 0 0 0 0 0 0 0 0 0 0 0 0 0 0 0 0 0 0 0 0 0 0 0 0 0 0 0 0 0 0 0 0 0 0 0 0 0 0 0 0 0 0 0 0 0 77 68 79 32 101 120 116 114 97 32 100 97 116 97 32 108 111 99 107 0 0 0 0 0 0 0 0 0 0 0 0 0 0 0 0 0 0 0 0 0 0 0 0 0 0 0 0 0 0 0 0 0 0 0 0 0 0 0 0 0 0 0 0 0 1 0 0 0 0 0 0 0 0 0 0 0 0 0 0 0 0 0 0 0 0 0 0 0 0 0 0 0 0 0 0 0 0 0 0 0 0 0 0 0 17 0 0 0 0 0 0 0 0 0 0 0 0 0 0 0 1 0 0 0 0 0 0 0 0 0 0 0 0 0 0 0 4 1 0 0 217 168 0 0 1 0 0 0 0 0 0 0 0 0 0 0 2 0 0 0 0 0 6 0 2 0 0 0 104 0 0 0 255 255 255 255 5 0 8 0 0 0 0 0 data 13 0x80005 0x0 0x1962b640 0xa42 0x1a395680 0xad9 0xb0007 0x3f1 0x38 0x112e 0xf0003 0x112e 0x18 oops 2 2 java/util/HashMap 4 java/util/LinkedHashMap
ciMethodData java/util/Arrays copyOf ([Ljava/lang/Object;I)[Ljava/lang/Object; 2 6778 orig 264 8 206 10 117 0 0 0 0 152 171 250 19 0 0 0 0 192 1 0 0 0 0 0 0 0 0 0 0 0 0 0 0 0 0 0 0 0 0 0 0 0 0 0 0 0 0 0 0 0 0 0 0 0 0 0 0 0 0 0 0 0 0 0 0 0 0 0 0 0 0 0 0 0 0 0 0 0 0 0 0 77 68 79 32 101 120 116 114 97 32 100 97 116 97 32 108 111 99 107 0 0 0 0 0 0 0 0 0 0 0 0 0 0 0 0 0 0 0 0 0 0 0 0 0 0 0 0 0 0 0 0 0 0 0 0 0 0 0 0 0 0 0 0 0 0 0 0 0 0 0 0 0 0 0 0 0 0 0 0 0 0 0 0 0 0 0 0 0 0 0 0 0 0 0 0 0 0 0 0 0 0 0 0 0 0 0 0 0 0 0 0 0 0 0 0 0 0 0 0 0 0 0 0 0 0 0 0 0 0 0 0 0 0 0 0 0 0 2 0 0 209 195 0 0 1 0 0 0 0 0 0 0 0 0 0 0 2 0 0 0 0 0 3 0 2 0 0 0 112 0 0 0 255 255 255 255 5 0 3 0 0 0 0 0 data 14 0x30005 0xf7 0x16a00940 0x15ef 0x17f670a0 0x194 0x60002 0x187a 0x90004 0x0 0x16a00940 0x20 0x0 0x0 oops 3 2 [Ljava/lang/Object; 4 [Ljava/lang/reflect/Method; 10 [Ljava/lang/Object;
ciMethodData org/antlr/v4/runtime/atn/ATNConfig <init> (Lorg/antlr/v4/runtime/atn/ATNState;ILorg/antlr/v4/runtime/atn/PredictionContext;Lorg/antlr/v4/runtime/atn/SemanticContext;)V 2 1956 orig 264 8 206 10 117 0 0 0 0 136 212 240 27 0 0 0 0 80 1 0 0 0 0 0 0 0 0 0 0 0 0 0 0 0 0 0 0 0 0 0 0 0 0 0 0 0 0 0 0 0 0 0 0 0 0 0 0 0 0 0 0 0 0 0 0 0 0 0 0 0 0 0 0 0 0 0 0 0 0 0 0 77 68 79 32 101 120 116 114 97 32 100 97 116 97 32 108 111 99 107 0 0 0 0 0 0 0 0 0 0 0 0 0 0 0 0 0 0 0 0 0 0 0 0 0 0 0 0 0 0 0 0 0 0 0 0 0 0 0 0 0 0 0 0 0 0 0 0 0 0 0 0 0 0 0 0 0 0 0 0 0 0 0 0 0 0 0 0 0 0 0 0 0 0 0 0 0 0 0 0 0 0 0 0 0 0 0 0 0 0 0 0 0 0 0 0 0 0 0 0 0 0 0 0 0 0 0 0 0 0 0 0 0 0 0 0 0 0 2 0 0 33 45 0 0 1 0 0 0 0 0 0 0 0 0 0 0 2 0 0 0 0 0 3 0 2 0 0 0 16 0 0 0 255 255 255 255 2 0 1 0 0 0 0 0 data 2 0x10002 0x5a4 oops 0
ciMethod org/antlr/v4/runtime/IntStream index ()I 0 0 1 0 -1
ciMethod org/antlr/v4/runtime/IntStream seek (I)V 0 0 1 0 -1
ciMethod org/antlr/v4/runtime/atn/PredictionContext <init> (I)V 4097 1 2665 0 0
ciMethod org/antlr/v4/runtime/atn/PredictionContext size ()I 0 0 1 0 -1
ciMethod org/antlr/v4/runtime/atn/PredictionContext getParent (I)Lorg/antlr/v4/runtime/atn/PredictionContext; 0 0 1 0 -1
ciMethod org/antlr/v4/runtime/atn/PredictionContext getReturnState (I)I 0 0 1 0 -1
ciMethod org/antlr/v4/runtime/atn/PredictionContext isEmpty ()Z 4097 1 863 0 -1
ciMethod org/antlr/v4/runtime/atn/PredictionContext hasEmptyPath ()Z 0 0 65 0 -1
ciMethod org/antlr/v4/runtime/atn/PredictionContext hashCode ()I 1713 1 214 0 0
ciMethod org/antlr/v4/runtime/atn/PredictionContext equals (Ljava/lang/Object;)Z 0 0 1 0 -1
ciMethod org/antlr/v4/runtime/atn/PredictionContext calculateEmptyHashCode ()I 529 1 82 0 0
ciMethod org/antlr/v4/runtime/atn/PredictionContext calculateHashCode (Lorg/antlr/v4/runtime/atn/PredictionContext;I)I 4097 1 1850 0 0
ciMethod org/antlr/v4/runtime/atn/PredictionContext calculateHashCode ([Lorg/antlr/v4/runtime/atn/PredictionContext;[I)I 4097 11953 762 0 0
ciMethod org/antlr/v4/runtime/atn/PredictionContext merge (Lorg/antlr/v4/runtime/atn/PredictionContext;Lorg/antlr/v4/runtime/atn/PredictionContext;ZLorg/antlr/v4/runtime/misc/DoubleKeyMap;)Lorg/antlr/v4/runtime/atn/PredictionContext; 3017 1 1030 0 0
ciMethod org/antlr/v4/runtime/atn/PredictionContext mergeSingletons (Lorg/antlr/v4/runtime/atn/SingletonPredictionContext;Lorg/antlr/v4/runtime/atn/SingletonPredictionContext;ZLorg/antlr/v4/runtime/misc/DoubleKeyMap;)Lorg/antlr/v4/runtime/atn/PredictionContext; 2121 1 315 0 0
ciMethod org/antlr/v4/runtime/atn/PredictionContext mergeRoot (Lorg/antlr/v4/runtime/atn/SingletonPredictionContext;Lorg/antlr/v4/runtime/atn/SingletonPredictionContext;Z)Lorg/antlr/v4/runtime/atn/PredictionContext; 1769 1 189 0 -1
ciMethod org/antlr/v4/runtime/atn/PredictionContext mergeArrays (Lorg/antlr/v4/runtime/atn/ArrayPredictionContext;Lorg/antlr/v4/runtime/atn/ArrayPredictionContext;ZLorg/antlr/v4/runtime/misc/DoubleKeyMap;)Lorg/antlr/v4/runtime/atn/PredictionContext; 3473 3001 511 0 0
ciMethod org/antlr/v4/runtime/atn/PredictionContext combineCommonParents ([Lorg/antlr/v4/runtime/atn/PredictionContext;)V 1281 8545 144 0 -1
ciMethod org/antlr/v4/runtime/atn/SingletonPredictionContext <init> (Lorg/antlr/v4/runtime/atn/PredictionContext;I)V 1081 1 1931 0 0
ciMethod org/antlr/v4/runtime/atn/SingletonPredictionContext create (Lorg/antlr/v4/runtime/atn/PredictionContext;I)Lorg/antlr/v4/runtime/atn/SingletonPredictionContext; 1073 1 1896 0 0
ciMethod org/antlr/v4/runtime/atn/SingletonPredictionContext size ()I 3297 1 412 0 0
ciMethod org/antlr/v4/runtime/atn/SingletonPredictionContext getParent (I)Lorg/antlr/v4/runtime/atn/PredictionContext; 3121 1 416 0 0
ciMethod org/antlr/v4/runtime/atn/SingletonPredictionContext getReturnState (I)I 3073 1 386 0 0
ciMethod org/antlr/v4/runtime/atn/Transition getSerializationType ()I 0 0 1 0 -1
ciMethod org/antlr/v4/runtime/atn/Transition isEpsilon ()Z 1625 1 203 0 -1
ciMethod org/antlr/v4/runtime/atn/Transition matches (III)Z 0 0 1 0 -1
ciMethod org/antlr/v4/runtime/atn/EpsilonTransition outermostPrecedenceReturn ()I 0 0 1 0 -1
ciMethod org/antlr/v4/runtime/atn/ATNState getNumberOfTransitions ()I 4097 1 20851 0 96
ciMethod org/antlr/v4/runtime/atn/ATNState transition (I)Lorg/antlr/v4/runtime/atn/Transition; 4097 1 13327 0 256
ciMethod org/antlr/v4/runtime/atn/ATNState getStateType ()I 0 0 1 0 -1
ciMethod org/antlr/v4/runtime/atn/ATNState onlyHasEpsilonTransitions ()Z 8849 1 1106 0 0
ciMethod org/antlr/v4/runtime/atn/PredicateTransition getPredicate ()Lorg/antlr/v4/runtime/atn/SemanticContext$Predicate; 0 0 1 0 -1
ciMethod org/antlr/v4/runtime/atn/PrecedencePredicateTransition getPredicate ()Lorg/antlr/v4/runtime/atn/SemanticContext$PrecedencePredicate; 0 0 1 0 -1
ciMethodData org/antlr/v4/runtime/atn/ATNState getNumberOfTransitions ()I 2 23416 orig 264 8 206 10 117 0 0 0 0 192 200 237 27 0 0 0 0 120 1 0 0 0 0 0 0 0 0 0 0 0 0 0 0 0 0 0 0 0 0 0 0 0 0 0 0 0 0 0 0 0 0 0 0 0 0 0 0 0 0 0 0 0 0 0 0 0 0 0 0 0 0 0 0 0 0 0 0 0 0 0 0 77 68 79 32 101 120 116 114 97 32 100 97 116 97 32 108 111 99 107 0 0 0 0 0 0 0 0 0 0 0 0 0 0 0 0 0 0 0 0 0 0 0 0 0 0 0 0 0 0 0 0 0 0 0 0 0 0 0 0 0 0 0 0 0 0 0 0 0 0 0 0 0 0 0 0 0 0 0 0 0 0 0 0 0 0 0 0 0 0 0 0 0 0 0 0 0 0 0 0 0 0 0 0 0 0 0 0 0 0 0 0 0 0 0 0 0 0 0 0 0 0 0 0 0 0 0 0 0 0 0 0 0 0 0 0 0 0 2 0 0 193 203 2 0 1 0 0 0 0 0 0 0 0 0 0 0 2 0 0 0 0 0 3 0 2 0 0 0 48 0 0 0 255 255 255 255 5 0 4 0 0 0 0 0 data 6 0x40005 0x0 0x18fd7ba0 0x5978 0x0 0x0 oops 1 2 java/util/ArrayList
ciMethodData org/antlr/v4/runtime/atn/ATNState transition (I)Lorg/antlr/v4/runtime/atn/Transition; 2 15114 orig 264 8 206 10 117 0 0 0 0 240 203 237 27 0 0 0 0 176 1 0 0 0 0 0 0 0 0 0 0 0 0 0 0 0 0 0 0 0 0 0 0 0 0 0 0 0 0 0 0 0 0 0 0 0 0 0 0 0 0 0 0 0 0 0 0 0 0 0 0 0 0 0 0 0 0 0 0 0 0 0 0 77 68 79 32 101 120 116 114 97 32 100 97 116 97 32 108 111 99 107 0 0 0 0 0 0 0 0 0 0 0 0 0 0 0 0 0 0 0 0 0 0 0 0 0 0 0 0 0 0 0 0 0 0 0 0 0 0 0 0 0 0 0 0 0 0 0 0 0 0 0 0 0 0 0 0 0 0 0 0 0 0 0 0 0 0 0 0 0 0 0 0 0 0 0 0 0 0 0 0 0 0 0 0 0 0 0 0 0 0 0 0 0 0 0 0 0 0 0 0 0 0 0 0 0 0 0 0 0 0 0 0 0 0 0 0 0 0 2 0 0 81 200 1 0 1 0 0 0 0 0 0 0 0 0 0 0 2 0 0 0 0 0 3 0 2 0 0 0 96 0 0 0 255 255 255 255 5 0 5 0 0 0 0 0 data 12 0x50005 0x0 0x18fd7ba0 0x390a 0x0 0x0 0xa0004 0x0 0x1a18cc40 0xaa1 0x1a18c980 0x2120 oops 3 2 java/util/ArrayList 8 org/antlr/v4/runtime/atn/RuleTransition 10 org/antlr/v4/runtime/atn/EpsilonTransition
ciMethod org/antlr/v4/runtime/dfa/DFA isPrecedenceDfa ()Z 225 1 20 0 0
ciMethod org/antlr/v4/runtime/atn/ATNConfig <init> (Lorg/antlr/v4/runtime/atn/ATNState;ILorg/antlr/v4/runtime/atn/PredictionContext;Lorg/antlr/v4/runtime/atn/SemanticContext;)V 4097 1 1956 0 0
ciMethod org/antlr/v4/runtime/atn/ATNConfig <init> (Lorg/antlr/v4/runtime/atn/ATNConfig;Lorg/antlr/v4/runtime/atn/ATNState;)V 4097 1 5026 0 0
ciMethod org/antlr/v4/runtime/atn/ATNConfig <init> (Lorg/antlr/v4/runtime/atn/ATNConfig;Lorg/antlr/v4/runtime/atn/ATNState;Lorg/antlr/v4/runtime/atn/SemanticContext;)V 0 0 1 0 -1
ciMethod org/antlr/v4/runtime/atn/ATNConfig <init> (Lorg/antlr/v4/runtime/atn/ATNConfig;Lorg/antlr/v4/runtime/atn/ATNState;Lorg/antlr/v4/runtime/atn/PredictionContext;)V 2105 1 1303 0 0
ciMethod org/antlr/v4/runtime/atn/ATNConfig <init> (Lorg/antlr/v4/runtime/atn/ATNConfig;Lorg/antlr/v4/runtime/atn/ATNState;Lorg/antlr/v4/runtime/atn/PredictionContext;Lorg/antlr/v4/runtime/atn/SemanticContext;)V 1969 1 6127 0 128
ciMethod org/antlr/v4/runtime/atn/ATNConfig getOuterContextDepth ()I 4097 1 2348 0 0
ciMethod org/antlr/v4/runtime/atn/ATNConfig isPrecedenceFilterSuppressed ()Z 2633 1 889 0 0
ciMethod org/antlr/v4/runtime/atn/ATNConfig setPrecedenceFilterSuppressed (Z)V 0 0 1 0 -1
ciMethod org/antlr/v4/runtime/atn/ATNConfig hashCode ()I 4097 1 2357 0 0
ciMethod org/antlr/v4/runtime/atn/ATNConfigSet add (Lorg/antlr/v4/runtime/atn/ATNConfig;Lorg/antlr/v4/runtime/misc/DoubleKeyMap;)Z 793 1 2344 0 0
ciMethod org/antlr/v4/runtime/atn/ATNConfigSet$AbstractConfigHashSet createBucket (I)[Lorg/antlr/v4/runtime/atn/ATNConfig; 4097 1 2507 0 0
ciMethod org/antlr/v4/runtime/atn/ATNConfigSet$AbstractConfigHashSet createBucket (I)[Ljava/lang/Object; 4097 1 2507 0 0
ciMethod org/antlr/v4/runtime/misc/Array2DHashSet getOrAdd (Ljava/lang/Object;)Ljava/lang/Object; 4097 1 2348 0 0
ciMethod org/antlr/v4/runtime/misc/Array2DHashSet getOrAddImpl (Ljava/lang/Object;)Ljava/lang/Object; 3265 1345 2348 0 0
ciMethod org/antlr/v4/runtime/misc/Array2DHashSet getBucket (Ljava/lang/Object;)I 4097 1 4153 0 0
ciMethod org/antlr/v4/runtime/misc/Array2DHashSet expand ()V 153 12377 41 0 0
ciMethod org/antlr/v4/runtime/misc/Array2DHashSet size ()I 441 1 41 0 -1
ciMethod org/antlr/v4/runtime/misc/Array2DHashSet createBuckets (I)[[Ljava/lang/Object; 0 0 1 0 -1
ciMethod org/antlr/v4/runtime/misc/Array2DHashSet createBucket (I)[Ljava/lang/Object; 0 0 1 0 -1
ciMethod org/antlr/v4/runtime/misc/EqualityComparator hashCode (Ljava/lang/Object;)I 0 0 1 0 -1
ciMethod org/antlr/v4/runtime/misc/EqualityComparator equals (Ljava/lang/Object;Ljava/lang/Object;)Z 0 0 1 0 -1
ciMethod org/antlr/v4/runtime/misc/ObjectEqualityComparator hashCode (Ljava/lang/Object;)I 3505 1 438 0 0
ciMethod org/antlr/v4/runtime/misc/ObjectEqualityComparator equals (Ljava/lang/Object;Ljava/lang/Object;)Z 1521 1 190 0 0
ciMethod org/antlr/v4/runtime/atn/ATNConfigSet$ConfigEqualityComparator hashCode (Lorg/antlr/v4/runtime/atn/ATNConfig;)I 4097 1 3715 0 0
ciMethod org/antlr/v4/runtime/atn/ATNConfigSet$ConfigEqualityComparator equals (Lorg/antlr/v4/runtime/atn/ATNConfig;Lorg/antlr/v4/runtime/atn/ATNConfig;)Z 4097 1 1776 0 0
ciMethod org/antlr/v4/runtime/atn/ATNConfigSet$ConfigEqualityComparator equals (Ljava/lang/Object;Ljava/lang/Object;)Z 4097 1 1776 0 0
ciMethod org/antlr/v4/runtime/atn/ATNConfigSet$ConfigEqualityComparator hashCode (Ljava/lang/Object;)I 4097 1 3715 0 0
ciMethod org/antlr/v4/runtime/atn/ParserATNSimulator evalSemanticContext (Lorg/antlr/v4/runtime/atn/SemanticContext;Lorg/antlr/v4/runtime/ParserRuleContext;IZ)Z 0 0 1 0 -1
ciMethod org/antlr/v4/runtime/atn/ParserATNSimulator closureCheckingStopState (Lorg/antlr/v4/runtime/atn/ATNConfig;Lorg/antlr/v4/runtime/atn/ATNConfigSet;Ljava/util/Set;ZZIZ)V 4097 1 6612 0 0
ciMethod org/antlr/v4/runtime/atn/ParserATNSimulator closure_ (Lorg/antlr/v4/runtime/atn/ATNConfig;Lorg/antlr/v4/runtime/atn/ATNConfigSet;Ljava/util/Set;ZZIZ)V 4097 5121 6402 0 0
ciMethod org/antlr/v4/runtime/atn/ParserATNSimulator canDropLoopEntryEdgeInLeftRecursiveRule (Lorg/antlr/v4/runtime/atn/ATNConfig;)Z 4097 1 6569 0 -1
ciMethod org/antlr/v4/runtime/atn/ParserATNSimulator getEpsilonTarget (Lorg/antlr/v4/runtime/atn/ATNConfig;Lorg/antlr/v4/runtime/atn/Transition;ZZZZ)Lorg/antlr/v4/runtime/atn/ATNConfig; 4097 1 8271 0 1152
ciMethod org/antlr/v4/runtime/atn/ParserATNSimulator actionTransition (Lorg/antlr/v4/runtime/atn/ATNConfig;Lorg/antlr/v4/runtime/atn/ActionTransition;)Lorg/antlr/v4/runtime/atn/ATNConfig; 33 1 10 0 0
ciMethod org/antlr/v4/runtime/atn/ParserATNSimulator precedenceTransition (Lorg/antlr/v4/runtime/atn/ATNConfig;Lorg/antlr/v4/runtime/atn/PrecedencePredicateTransition;ZZZ)Lorg/antlr/v4/runtime/atn/ATNConfig; 0 0 1 0 0
ciMethod org/antlr/v4/runtime/atn/ParserATNSimulator predTransition (Lorg/antlr/v4/runtime/atn/ATNConfig;Lorg/antlr/v4/runtime/atn/PredicateTransition;ZZZ)Lorg/antlr/v4/runtime/atn/ATNConfig; 0 0 1 0 0
ciMethod org/antlr/v4/runtime/atn/ParserATNSimulator ruleTransition (Lorg/antlr/v4/runtime/atn/ATNConfig;Lorg/antlr/v4/runtime/atn/RuleTransition;)Lorg/antlr/v4/runtime/atn/ATNConfig; 2105 1 1303 0 0
ciMethod org/antlr/v4/runtime/atn/SemanticContext and (Lorg/antlr/v4/runtime/atn/SemanticContext;Lorg/antlr/v4/runtime/atn/SemanticContext;)Lorg/antlr/v4/runtime/atn/SemanticContext; 0 0 1 0 -1
ciMethod org/antlr/v4/runtime/atn/SemanticContext$Predicate hashCode ()I 4097 1 7127 0 0
ciMethod org/antlr/v4/runtime/atn/SemanticContext$Predicate equals (Ljava/lang/Object;)Z 4097 1 863 0 0
ciMethod org/antlr/v4/runtime/atn/ArrayPredictionContext <init> (Lorg/antlr/v4/runtime/atn/SingletonPredictionContext;)V 3465 1 511 0 0
ciMethod org/antlr/v4/runtime/atn/ArrayPredictionContext <init> ([Lorg/antlr/v4/runtime/atn/PredictionContext;[I)V 4097 1 739 0 0
ciMethod org/antlr/v4/runtime/atn/ArrayPredictionContext size ()I 1345 1 168 0 0
ciMethod org/antlr/v4/runtime/atn/ArrayPredictionContext getParent (I)Lorg/antlr/v4/runtime/atn/PredictionContext; 2081 1 266 0 0
ciMethod org/antlr/v4/runtime/atn/ArrayPredictionContext getReturnState (I)I 1281 1 160 0 0
ciMethod org/antlr/v4/runtime/misc/MurmurHash initialize ()I 4097 1 7129 0 0
ciMethod org/antlr/v4/runtime/misc/MurmurHash initialize (I)I 2737 1 12120 0 0
ciMethod org/antlr/v4/runtime/misc/MurmurHash update (II)I 2665 1 1676 0 64
ciMethod org/antlr/v4/runtime/misc/MurmurHash update (ILjava/lang/Object;)I 2225 1 11925 0 192
ciMethod org/antlr/v4/runtime/misc/MurmurHash finish (II)I 4097 1 2730 0 96
ciMethodData org/antlr/v4/runtime/misc/MurmurHash update (II)I 2 1676 orig 264 8 206 10 117 0 0 0 0 184 74 250 27 0 0 0 0 48 1 0 0 0 0 0 0 0 0 0 0 0 0 0 0 0 0 0 0 0 0 0 0 0 0 0 0 0 0 0 0 0 0 0 0 0 0 0 0 0 0 0 0 0 0 0 0 0 0 0 0 0 0 0 0 0 0 0 0 0 0 0 0 77 68 79 32 101 120 116 114 97 32 100 97 116 97 32 108 111 99 107 0 0 0 0 0 0 0 0 0 0 0 0 0 0 0 0 0 0 0 0 0 0 0 0 0 0 0 0 0 0 0 0 0 0 0 0 0 0 0 0 0 0 0 0 0 0 0 0 0 0 0 0 0 0 0 0 0 0 0 0 0 0 0 0 0 0 0 0 0 0 0 0 0 0 0 0 0 0 0 0 0 0 0 0 0 25 0 0 0 0 0 0 0 0 0 0 0 0 0 0 0 0 0 0 0 0 0 0 0 0 0 0 0 0 0 0 0 77 1 0 0 249 41 0 0 1 0 0 0 0 0 0 0 0 0 0 0 2 0 0 0 0 0 3 0 1 0 0 0 0 0 0 0 255 255 255 255 0 0 0 0 0 0 0 0 data 0 oops 0
ciMethodData org/antlr/v4/runtime/misc/MurmurHash update (ILjava/lang/Object;)I 2 11925 orig 264 8 206 10 117 0 0 0 0 112 75 250 27 0 0 0 0 200 1 0 0 104 0 0 0 0 0 0 0 0 0 0 0 0 0 0 0 0 0 0 0 0 0 0 0 0 0 0 0 0 0 0 0 0 0 0 0 0 0 0 0 0 0 0 0 0 0 0 0 0 0 0 0 0 0 0 0 0 0 0 0 77 68 79 32 101 120 116 114 97 32 100 97 116 97 32 108 111 99 107 0 0 0 0 0 0 0 0 0 0 0 0 0 0 0 0 0 0 0 0 0 0 0 0 0 0 0 0 0 0 0 0 0 0 0 0 0 0 0 0 0 0 0 0 0 0 0 0 0 0 0 0 0 0 0 0 0 0 0 0 0 0 0 0 0 0 0 0 0 0 0 0 0 0 0 0 0 0 0 0 0 0 0 0 0 0 0 0 0 0 0 0 0 0 0 0 0 0 0 0 0 0 0 0 0 0 0 0 0 0 0 0 0 0 0 0 0 19 1 0 0 249 107 1 0 1 0 0 0 0 0 0 0 0 0 0 0 2 0 0 0 0 0 6 0 2 0 0 0 120 0 0 0 255 255 255 255 7 0 2 0 0 0 0 0 data 15 0x20007 0x3b5 0x68 0x29ca 0x60005 0xfea 0x16d11d40 0x2bb 0x16d10990 0x1725 0x90003 0x29ca 0x18 0xd0002 0x2d7f oops 2 6 org/antlr/v4/runtime/atn/EmptyPredictionContext 8 org/antlr/v4/runtime/atn/SingletonPredictionContext
ciMethodData org/antlr/v4/runtime/misc/MurmurHash initialize (I)I 2 12120 orig 264 8 206 10 117 0 0 0 0 96 73 250 27 0 0 0 0 32 1 0 0 0 0 0 0 0 0 0 0 0 0 0 0 0 0 0 0 0 0 0 0 0 0 0 0 0 0 0 0 0 0 0 0 0 0 0 0 0 0 0 0 0 0 0 0 0 0 0 0 0 0 0 0 0 0 0 0 0 0 0 0 77 68 79 32 101 120 116 114 97 32 100 97 116 97 32 108 111 99 107 0 0 0 0 0 0 0 0 0 0 0 0 0 0 0 0 0 0 0 0 0 0 0 0 0 0 0 0 0 0 0 0 0 0 0 0 0 0 0 0 0 0 0 0 0 0 0 0 0 0 0 0 0 0 0 0 0 0 0 0 0 0 0 0 0 0 0 0 0 0 0 0 0 0 0 0 0 0 0 0 0 0 0 0 0 0 0 0 0 0 0 0 0 0 0 0 0 0 0 0 0 0 0 0 0 0 0 0 0 0 0 0 0 0 0 0 0 85 1 0 0 17 112 1 0 1 0 0 0 0 0 0 0 0 0 0 0 2 0 0 0 0 0 3 0 1 0 0 0 0 0 0 0 255 255 255 255 0 0 0 0 0 0 0 0 data 0 oops 0
ciMethodData org/antlr/v4/runtime/atn/ATNConfig <init> (Lorg/antlr/v4/runtime/atn/ATNConfig;Lorg/antlr/v4/runtime/atn/ATNState;Lorg/antlr/v4/runtime/atn/PredictionContext;Lorg/antlr/v4/runtime/atn/SemanticContext;)V 2 6127 orig 264 8 206 10 117 0 0 0 0 176 216 240 27 0 0 0 0 80 1 0 0 0 0 0 0 0 0 0 0 0 0 0 0 0 0 0 0 0 0 0 0 0 0 0 0 0 0 0 0 0 0 0 0 0 0 0 0 0 0 0 0 0 0 0 0 0 0 0 0 0 0 0 0 0 0 0 0 0 0 0 0 77 68 79 32 101 120 116 114 97 32 100 97 116 97 32 108 111 99 107 0 0 0 0 0 0 0 0 0 0 0 0 0 0 0 0 0 0 0 0 0 0 0 0 0 0 0 0 0 0 0 0 0 0 0 0 0 0 0 0 0 0 0 0 0 0 0 0 0 0 0 0 0 0 0 0 0 0 0 0 0 0 0 0 0 0 0 0 0 0 0 0 0 0 0 0 0 0 0 0 0 0 0 0 0 1 0 0 0 0 0 0 0 0 0 0 0 0 0 0 0 3 0 0 0 0 0 0 0 0 0 0 0 0 0 0 0 246 0 0 0 201 183 0 0 1 0 0 0 0 0 0 0 0 0 0 0 2 0 0 0 0 0 3 0 2 0 0 0 16 0 0 0 255 255 255 255 2 0 1 0 0 0 0 0 data 2 0x10002 0x16f9 oops 0
ciMethodData org/antlr/v4/runtime/misc/MurmurHash finish (II)I 2 2730 orig 264 8 206 10 117 0 0 0 0 96 76 250 27 0 0 0 0 40 1 0 0 0 0 0 0 0 0 0 0 0 0 0 0 0 0 0 0 0 0 0 0 0 0 0 0 0 0 0 0 0 0 0 0 0 0 0 0 0 0 0 0 0 0 0 0 0 0 0 0 0 0 0 0 0 0 0 0 0 0 0 0 77 68 79 32 101 120 116 114 97 32 100 97 116 97 32 108 111 99 107 0 0 0 0 0 0 0 0 0 0 0 0 0 0 0 0 0 0 0 0 0 0 0 0 0 0 0 0 0 0 0 0 0 0 0 0 0 0 0 0 0 0 0 0 0 0 0 0 0 0 0 0 0 0 0 0 0 0 0 0 0 0 0 0 0 0 0 0 0 0 0 0 0 0 0 0 0 0 0 0 0 0 0 0 0 25 0 0 0 0 0 0 0 0 0 0 0 0 0 0 0 0 0 0 0 0 0 0 0 0 0 0 0 0 0 0 0 0 2 0 0 81 69 0 0 1 0 0 0 0 0 0 0 0 0 0 0 2 0 0 0 0 0 3 0 1 0 0 0 0 0 0 0 255 255 255 255 0 0 0 0 0 0 0 0 data 0 oops 0
ciMethodData org/antlr/v4/runtime/atn/ATNConfigSet add (Lorg/antlr/v4/runtime/atn/ATNConfig;Lorg/antlr/v4/runtime/misc/DoubleKeyMap;)Z 2 2348 orig 264 8 206 10 117 0 0 0 0 128 255 240 27 0 0 0 0 128 3 0 0 112 1 0 0 0 0 0 0 0 0 0 0 0 0 0 0 0 0 0 0 0 0 0 0 0 0 0 0 0 0 0 0 0 0 0 0 0 0 0 0 0 0 0 0 0 0 0 0 0 0 0 0 0 0 0 0 0 0 0 0 77 68 79 32 101 120 116 114 97 32 100 97 116 97 32 108 111 99 107 0 0 0 0 0 0 0 0 0 0 0 0 0 0 0 0 0 0 0 0 0 0 0 0 0 0 0 0 0 0 0 0 0 0 0 0 0 0 0 0 0 0 0 0 0 0 0 0 0 0 0 0 0 0 0 0 0 0 0 0 0 0 0 0 0 0 0 0 0 0 0 0 0 0 0 0 0 0 0 0 0 0 0 0 0 0 0 0 0 0 0 0 0 0 0 0 0 0 0 0 0 0 0 0 0 0 0 0 0 0 0 0 0 0 0 0 0 98 0 0 0 73 70 0 0 1 0 0 0 0 0 0 0 0 0 0 0 2 0 0 0 0 0 46 0 2 0 0 0 40 2 0 0 255 255 255 255 7 0 4 0 0 0 0 0 data 69 0x40007 0x8c9 0x30 0x0 0xd0002 0x0 0x180007 0x8c9 0x20 0x0 0x210005 0x3e5 0x1a18bc90 0x4e4 0x0 0x0 0x240007 0x6cf 0x20 0x1fa 0x310005 0x3e5 0x18fd86e0 0x4e4 0x0 0x0 0x340004 0x0 0x18fd8790 0x8e 0x1a18bc90 0x83b 0x3a0007 0x345 0x50 0x584 0x470005 0x0 0x18fd7ba0 0x584 0x0 0x0 0x510007 0x1be 0x38 0x187 0x550003 0x187 0x18 0x660002 0x345 0x740002 0x345 0x7b0005 0x125 0x1a18bc90 0x220 0x0 0x0 0x7e0007 0x345 0x50 0x0 0x830005 0x0 0x0 0x0 0x0 0x0 oops 6 12 org/antlr/v4/runtime/atn/ATNConfig 22 org/antlr/v4/runtime/atn/ATNConfigSet$ConfigHashSet 28 org/antlr/v4/runtime/atn/LexerATNConfig 30 org/antlr/v4/runtime/atn/ATNConfig 38 java/util/ArrayList 55 org/antlr/v4/runtime/atn/ATNConfig
ciMethodData org/antlr/v4/runtime/atn/SemanticContext$Predicate hashCode ()I 2 7127 orig 264 8 206 10 117 0 0 0 0 168 203 249 27 0 0 0 0 208 1 0 0 104 0 0 0 0 0 0 0 0 0 0 0 0 0 0 0 0 0 0 0 0 0 0 0 0 0 0 0 0 0 0 0 0 0 0 0 0 0 0 0 0 0 0 0 0 0 0 0 0 0 0 0 0 0 0 0 0 0 0 0 77 68 79 32 101 120 116 114 97 32 100 97 116 97 32 108 111 99 107 0 0 0 0 0 0 0 0 0 0 0 0 0 0 0 0 0 0 0 0 0 0 0 0 0 0 0 0 0 0 0 0 0 0 0 0 0 0 0 0 0 0 0 0 0 0 0 0 0 0 0 0 0 0 0 0 0 0 0 0 0 0 0 0 0 0 0 0 0 0 0 0 0 0 0 0 0 0 0 0 0 0 0 0 0 0 0 0 0 0 0 0 0 0 0 0 0 0 0 0 0 0 0 0 0 0 0 0 0 0 0 0 0 0 0 0 0 0 2 0 0 185 206 0 0 1 0 0 0 0 0 0 0 0 0 0 0 2 0 0 0 0 0 6 0 2 0 0 0 136 0 0 0 255 255 255 255 2 0 0 0 0 0 0 0 data 17 0x2 0x19d7 0x90002 0x19d7 0x120002 0x19d7 0x1b0007 0x19d7 0x38 0x0 0x1f0003 0x0 0x18 0x230002 0x19d7 0x290002 0x19d7 oops 0
ciMethodData org/antlr/v4/runtime/misc/MurmurHash initialize ()I 2 7129 orig 264 8 206 10 117 0 0 0 0 192 72 250 27 0 0 0 0 80 1 0 0 0 0 0 0 0 0 0 0 0 0 0 0 0 0 0 0 0 0 0 0 0 0 0 0 0 0 0 0 0 0 0 0 0 0 0 0 0 0 0 0 0 0 0 0 0 0 0 0 0 0 0 0 0 0 0 0 0 0 0 0 77 68 79 32 101 120 116 114 97 32 100 97 116 97 32 108 111 99 107 0 0 0 0 0 0 0 0 0 0 0 0 0 0 0 0 0 0 0 0 0 0 0 0 0 0 0 0 0 0 0 0 0 0 0 0 0 0 0 0 0 0 0 0 0 0 0 0 0 0 0 0 0 0 0 0 0 0 0 0 0 0 0 0 0 0 0 0 0 0 0 0 0 0 0 0 0 0 0 0 0 0 0 0 0 0 0 0 0 0 0 0 0 0 0 0 0 0 0 0 0 0 0 0 0 0 0 0 0 0 0 0 0 0 0 0 0 0 2 0 0 201 206 0 0 1 0 0 0 0 0 0 0 0 0 0 0 2 0 0 0 0 0 3 0 2 0 0 0 16 0 0 0 255 255 255 255 2 0 1 0 0 0 0 0 data 2 0x10002 0x19d9 oops 0
ciMethodData org/antlr/v4/runtime/atn/SingletonPredictionContext create (Lorg/antlr/v4/runtime/atn/PredictionContext;I)Lorg/antlr/v4/runtime/atn/SingletonPredictionContext; 2 1930 orig 264 8 206 10 117 0 0 0 0 120 71 237 27 0 0 0 0 120 1 0 0 32 0 0 0 0 0 0 0 0 0 0 0 0 0 0 0 0 0 0 0 0 0 0 0 0 0 0 0 0 0 0 0 0 0 0 0 0 0 0 0 0 0 0 0 0 0 0 0 0 0 0 0 0 0 0 0 0 0 0 0 77 68 79 32 101 120 116 114 97 32 100 97 116 97 32 108 111 99 107 0 0 0 0 0 0 0 0 0 0 0 0 0 0 0 0 0 0 0 0 0 0 0 0 0 0 0 0 0 0 0 0 0 0 0 0 0 0 0 0 0 0 0 0 0 0 0 0 0 0 0 0 0 0 0 0 0 0 0 0 0 0 0 0 0 0 0 0 0 0 0 0 0 0 0 0 0 0 0 0 0 0 0 0 0 0 0 0 0 0 0 0 0 0 0 0 0 0 0 0 0 0 0 0 0 0 0 0 0 0 0 0 0 0 0 0 0 134 0 0 0 33 56 0 0 1 0 0 0 0 0 0 0 0 0 0 0 2 0 0 0 0 0 8 0 2 0 0 0 80 0 0 0 255 255 255 255 7 0 3 0 0 0 0 0 data 10 0x30007 0x704 0x40 0x0 0x70007 0x0 0x20 0x0 0x140002 0x704 oops 0